
Packet number: 1  Packet Len: 73

	Ethernet Header
		Dest MAC: 0:6:25:78:c4:7d
		Source MAC: 0:2:2d:90:75:89
		Type: IP

	IP Header
		IP PDU Len: 59
		Header Len (bytes): 20
		TTL: 128
		Protocol: UDP
		Checksum: Correct (0x5265)
		Sender IP: 192.168.1.102
		Dest IP: 64.166.172.8

Packet number: 2  Packet Len: 180

	Ethernet Header
		Dest MAC: 0:2:2d:90:75:89
		Source MAC: 0:6:25:78:c4:7d
		Type: IP

	IP Header
		IP PDU Len: 166
		Header Len (bytes): 20
		TTL: 253
		Protocol: UDP
		Checksum: Correct (0xf807)
		Sender IP: 64.166.172.8
		Dest IP: 192.168.1.102

Packet number: 3  Packet Len: 62

	Ethernet Header
		Dest MAC: 0:6:25:78:c4:7d
		Source MAC: 0:2:2d:90:75:89
		Type: IP

	IP Header
		IP PDU Len: 48
		Header Len (bytes): 20
		TTL: 128
		Protocol: TCP
		Checksum: Correct (0x3aba)
		Sender IP: 192.168.1.102
		Dest IP: 207.46.245.61

Packet number: 4  Packet Len: 62

	Ethernet Header
		Dest MAC: 0:2:2d:90:75:89
		Source MAC: 0:6:25:78:c4:7d
		Type: IP

	IP Header
		IP PDU Len: 48
		Header Len (bytes): 20
		TTL: 238
		Protocol: TCP
		Checksum: Correct (0x3f58)
		Sender IP: 207.46.245.61
		Dest IP: 192.168.1.102

Packet number: 5  Packet Len: 54

	Ethernet Header
		Dest MAC: 0:6:25:78:c4:7d
		Source MAC: 0:2:2d:90:75:89
		Type: IP

	IP Header
		IP PDU Len: 40
		Header Len (bytes): 20
		TTL: 128
		Protocol: TCP
		Checksum: Correct (0x3ac1)
		Sender IP: 192.168.1.102
		Dest IP: 207.46.245.61

Packet number: 6  Packet Len: 741

	Ethernet Header
		Dest MAC: 0:6:25:78:c4:7d
		Source MAC: 0:2:2d:90:75:89
		Type: IP

	IP Header
		IP PDU Len: 727
		Header Len (bytes): 20
		TTL: 128
		Protocol: TCP
		Checksum: Correct (0x3811)
		Sender IP: 192.168.1.102
		Dest IP: 207.46.245.61

Packet number: 7  Packet Len: 334

	Ethernet Header
		Dest MAC: 0:2:2d:90:75:89
		Source MAC: 0:6:25:78:c4:7d
		Type: IP

	IP Header
		IP PDU Len: 320
		Header Len (bytes): 20
		TTL: 238
		Protocol: TCP
		Checksum: Correct (0x3879)
		Sender IP: 207.46.245.61
		Dest IP: 192.168.1.102

Packet number: 8  Packet Len: 54

	Ethernet Header
		Dest MAC: 0:6:25:78:c4:7d
		Source MAC: 0:2:2d:90:75:89
		Type: IP

	IP Header
		IP PDU Len: 40
		Header Len (bytes): 20
		TTL: 128
		Protocol: TCP
		Checksum: Correct (0x3abd)
		Sender IP: 192.168.1.102
		Dest IP: 207.46.245.61

Packet number: 9  Packet Len: 77

	Ethernet Header
		Dest MAC: 0:6:25:78:c4:7d
		Source MAC: 0:2:2d:90:75:89
		Type: IP

	IP Header
		IP PDU Len: 63
		Header Len (bytes): 20
		TTL: 128
		Protocol: UDP
		Checksum: Correct (0x5253)
		Sender IP: 192.168.1.102
		Dest IP: 64.166.172.8

Packet number: 10  Packet Len: 187

	Ethernet Header
		Dest MAC: 0:2:2d:90:75:89
		Source MAC: 0:6:25:78:c4:7d
		Type: IP

	IP Header
		IP PDU Len: 173
		Header Len (bytes): 20
		TTL: 253
		Protocol: UDP
		Checksum: Correct (0xf7ff)
		Sender IP: 64.166.172.8
		Dest IP: 192.168.1.102

Packet number: 11  Packet Len: 62

	Ethernet Header
		Dest MAC: 0:6:25:78:c4:7d
		Source MAC: 0:2:2d:90:75:89
		Type: IP

	IP Header
		IP PDU Len: 48
		Header Len (bytes): 20
		TTL: 128
		Protocol: TCP
		Checksum: Correct (0x99b4)
		Sender IP: 192.168.1.102
		Dest IP: 207.46.150.51

Packet number: 12  Packet Len: 62

	Ethernet Header
		Dest MAC: 0:2:2d:90:75:89
		Source MAC: 0:6:25:78:c4:7d
		Type: IP

	IP Header
		IP PDU Len: 48
		Header Len (bytes): 20
		TTL: 239
		Protocol: TCP
		Checksum: Correct (0x9916)
		Sender IP: 207.46.150.51
		Dest IP: 192.168.1.102

Packet number: 13  Packet Len: 54

	Ethernet Header
		Dest MAC: 0:6:25:78:c4:7d
		Source MAC: 0:2:2d:90:75:89
		Type: IP

	IP Header
		IP PDU Len: 40
		Header Len (bytes): 20
		TTL: 128
		Protocol: TCP
		Checksum: Correct (0x99bb)
		Sender IP: 192.168.1.102
		Dest IP: 207.46.150.51

Packet number: 14  Packet Len: 1213

	Ethernet Header
		Dest MAC: 0:6:25:78:c4:7d
		Source MAC: 0:2:2d:90:75:89
		Type: IP

	IP Header
		IP PDU Len: 1199
		Header Len (bytes): 20
		TTL: 128
		Protocol: TCP
		Checksum: Correct (0x9533)
		Sender IP: 192.168.1.102
		Dest IP: 207.46.150.51

Packet number: 15  Packet Len: 1453

	Ethernet Header
		Dest MAC: 0:2:2d:90:75:89
		Source MAC: 0:6:25:78:c4:7d
		Type: IP

	IP Header
		IP PDU Len: 1439
		Header Len (bytes): 20
		TTL: 239
		Protocol: TCP
		Checksum: Correct (0x8c75)
		Sender IP: 207.46.150.51
		Dest IP: 192.168.1.102

Packet number: 16  Packet Len: 1506

	Ethernet Header
		Dest MAC: 0:2:2d:90:75:89
		Source MAC: 0:6:25:78:c4:7d
		Type: IP

	IP Header
		IP PDU Len: 1492
		Header Len (bytes): 20
		TTL: 239
		Protocol: TCP
		Checksum: Correct (0x8c3c)
		Sender IP: 207.46.150.51
		Dest IP: 192.168.1.102

Packet number: 17  Packet Len: 54

	Ethernet Header
		Dest MAC: 0:6:25:78:c4:7d
		Source MAC: 0:2:2d:90:75:89
		Type: IP

	IP Header
		IP PDU Len: 40
		Header Len (bytes): 20
		TTL: 128
		Protocol: TCP
		Checksum: Correct (0x99b9)
		Sender IP: 192.168.1.102
		Dest IP: 207.46.150.51

Packet number: 18  Packet Len: 1506

	Ethernet Header
		Dest MAC: 0:2:2d:90:75:89
		Source MAC: 0:6:25:78:c4:7d
		Type: IP

	IP Header
		IP PDU Len: 1492
		Header Len (bytes): 20
		TTL: 239
		Protocol: TCP
		Checksum: Correct (0x8c39)
		Sender IP: 207.46.150.51
		Dest IP: 192.168.1.102

Packet number: 19  Packet Len: 1506

	Ethernet Header
		Dest MAC: 0:2:2d:90:75:89
		Source MAC: 0:6:25:78:c4:7d
		Type: IP

	IP Header
		IP PDU Len: 1492
		Header Len (bytes): 20
		TTL: 239
		Protocol: TCP
		Checksum: Correct (0x8c33)
		Sender IP: 207.46.150.51
		Dest IP: 192.168.1.102

Packet number: 20  Packet Len: 54

	Ethernet Header
		Dest MAC: 0:6:25:78:c4:7d
		Source MAC: 0:2:2d:90:75:89
		Type: IP

	IP Header
		IP PDU Len: 40
		Header Len (bytes): 20
		TTL: 128
		Protocol: TCP
		Checksum: Correct (0x99b8)
		Sender IP: 192.168.1.102
		Dest IP: 207.46.150.51

Packet number: 21  Packet Len: 1506

	Ethernet Header
		Dest MAC: 0:2:2d:90:75:89
		Source MAC: 0:6:25:78:c4:7d
		Type: IP

	IP Header
		IP PDU Len: 1492
		Header Len (bytes): 20
		TTL: 239
		Protocol: TCP
		Checksum: Correct (0x87f7)
		Sender IP: 207.46.150.51
		Dest IP: 192.168.1.102

Packet number: 22  Packet Len: 1506

	Ethernet Header
		Dest MAC: 0:2:2d:90:75:89
		Source MAC: 0:6:25:78:c4:7d
		Type: IP

	IP Header
		IP PDU Len: 1492
		Header Len (bytes): 20
		TTL: 239
		Protocol: TCP
		Checksum: Correct (0x87f6)
		Sender IP: 207.46.150.51
		Dest IP: 192.168.1.102

Packet number: 23  Packet Len: 54

	Ethernet Header
		Dest MAC: 0:6:25:78:c4:7d
		Source MAC: 0:2:2d:90:75:89
		Type: IP

	IP Header
		IP PDU Len: 40
		Header Len (bytes): 20
		TTL: 128
		Protocol: TCP
		Checksum: Correct (0x99b7)
		Sender IP: 192.168.1.102
		Dest IP: 207.46.150.51

Packet number: 24  Packet Len: 1506

	Ethernet Header
		Dest MAC: 0:2:2d:90:75:89
		Source MAC: 0:6:25:78:c4:7d
		Type: IP

	IP Header
		IP PDU Len: 1492
		Header Len (bytes): 20
		TTL: 239
		Protocol: TCP
		Checksum: Correct (0x8710)
		Sender IP: 207.46.150.51
		Dest IP: 192.168.1.102

Packet number: 25  Packet Len: 54

	Ethernet Header
		Dest MAC: 0:6:25:78:c4:7d
		Source MAC: 0:2:2d:90:75:89
		Type: IP

	IP Header
		IP PDU Len: 40
		Header Len (bytes): 20
		TTL: 128
		Protocol: TCP
		Checksum: Correct (0x99b6)
		Sender IP: 192.168.1.102
		Dest IP: 207.46.150.51

Packet number: 26  Packet Len: 1506

	Ethernet Header
		Dest MAC: 0:2:2d:90:75:89
		Source MAC: 0:6:25:78:c4:7d
		Type: IP

	IP Header
		IP PDU Len: 1492
		Header Len (bytes): 20
		TTL: 239
		Protocol: TCP
		Checksum: Correct (0x870f)
		Sender IP: 207.46.150.51
		Dest IP: 192.168.1.102

Packet number: 27  Packet Len: 1506

	Ethernet Header
		Dest MAC: 0:2:2d:90:75:89
		Source MAC: 0:6:25:78:c4:7d
		Type: IP

	IP Header
		IP PDU Len: 1492
		Header Len (bytes): 20
		TTL: 239
		Protocol: TCP
		Checksum: Correct (0x83c2)
		Sender IP: 207.46.150.51
		Dest IP: 192.168.1.102

Packet number: 28  Packet Len: 54

	Ethernet Header
		Dest MAC: 0:6:25:78:c4:7d
		Source MAC: 0:2:2d:90:75:89
		Type: IP

	IP Header
		IP PDU Len: 40
		Header Len (bytes): 20
		TTL: 128
		Protocol: TCP
		Checksum: Correct (0x99b5)
		Sender IP: 192.168.1.102
		Dest IP: 207.46.150.51

Packet number: 29  Packet Len: 1506

	Ethernet Header
		Dest MAC: 0:2:2d:90:75:89
		Source MAC: 0:6:25:78:c4:7d
		Type: IP

	IP Header
		IP PDU Len: 1492
		Header Len (bytes): 20
		TTL: 239
		Protocol: TCP
		Checksum: Correct (0x83c1)
		Sender IP: 207.46.150.51
		Dest IP: 192.168.1.102

Packet number: 30  Packet Len: 54

	Ethernet Header
		Dest MAC: 0:6:25:78:c4:7d
		Source MAC: 0:2:2d:90:75:89
		Type: IP

	IP Header
		IP PDU Len: 40
		Header Len (bytes): 20
		TTL: 128
		Protocol: TCP
		Checksum: Correct (0x99b4)
		Sender IP: 192.168.1.102
		Dest IP: 207.46.150.51

Packet number: 31  Packet Len: 1506

	Ethernet Header
		Dest MAC: 0:2:2d:90:75:89
		Source MAC: 0:6:25:78:c4:7d
		Type: IP

	IP Header
		IP PDU Len: 1492
		Header Len (bytes): 20
		TTL: 239
		Protocol: TCP
		Checksum: Correct (0x8338)
		Sender IP: 207.46.150.51
		Dest IP: 192.168.1.102

Packet number: 32  Packet Len: 54

	Ethernet Header
		Dest MAC: 0:6:25:78:c4:7d
		Source MAC: 0:2:2d:90:75:89
		Type: IP

	IP Header
		IP PDU Len: 40
		Header Len (bytes): 20
		TTL: 128
		Protocol: TCP
		Checksum: Correct (0x99b3)
		Sender IP: 192.168.1.102
		Dest IP: 207.46.150.51

Packet number: 33  Packet Len: 946

	Ethernet Header
		Dest MAC: 0:2:2d:90:75:89
		Source MAC: 0:6:25:78:c4:7d
		Type: IP

	IP Header
		IP PDU Len: 932
		Header Len (bytes): 20
		TTL: 239
		Protocol: TCP
		Checksum: Correct (0x7bab)
		Sender IP: 207.46.150.51
		Dest IP: 192.168.1.102

Packet number: 34  Packet Len: 54

	Ethernet Header
		Dest MAC: 0:6:25:78:c4:7d
		Source MAC: 0:2:2d:90:75:89
		Type: IP

	IP Header
		IP PDU Len: 40
		Header Len (bytes): 20
		TTL: 128
		Protocol: TCP
		Checksum: Correct (0x99b0)
		Sender IP: 192.168.1.102
		Dest IP: 207.46.150.51

Packet number: 35  Packet Len: 1250

	Ethernet Header
		Dest MAC: 0:6:25:78:c4:7d
		Source MAC: 0:2:2d:90:75:89
		Type: IP

	IP Header
		IP PDU Len: 1236
		Header Len (bytes): 20
		TTL: 128
		Protocol: TCP
		Checksum: Correct (0x9501)
		Sender IP: 192.168.1.102
		Dest IP: 207.46.150.51

Packet number: 36  Packet Len: 1506

	Ethernet Header
		Dest MAC: 0:2:2d:90:75:89
		Source MAC: 0:6:25:78:c4:7d
		Type: IP

	IP Header
		IP PDU Len: 1492
		Header Len (bytes): 20
		TTL: 239
		Protocol: TCP
		Checksum: Correct (0x66f0)
		Sender IP: 207.46.150.51
		Dest IP: 192.168.1.102

Packet number: 37  Packet Len: 75

	Ethernet Header
		Dest MAC: 0:2:2d:90:75:89
		Source MAC: 0:6:25:78:c4:7d
		Type: IP

	IP Header
		IP PDU Len: 61
		Header Len (bytes): 20
		TTL: 239
		Protocol: TCP
		Checksum: Correct (0x6c86)
		Sender IP: 207.46.150.51
		Dest IP: 192.168.1.102

Packet number: 38  Packet Len: 54

	Ethernet Header
		Dest MAC: 0:6:25:78:c4:7d
		Source MAC: 0:2:2d:90:75:89
		Type: IP

	IP Header
		IP PDU Len: 40
		Header Len (bytes): 20
		TTL: 128
		Protocol: TCP
		Checksum: Correct (0x99ac)
		Sender IP: 192.168.1.102
		Dest IP: 207.46.150.51

Packet number: 39  Packet Len: 1506

	Ethernet Header
		Dest MAC: 0:2:2d:90:75:89
		Source MAC: 0:6:25:78:c4:7d
		Type: IP

	IP Header
		IP PDU Len: 1492
		Header Len (bytes): 20
		TTL: 239
		Protocol: TCP
		Checksum: Correct (0x66ee)
		Sender IP: 207.46.150.51
		Dest IP: 192.168.1.102

Packet number: 40  Packet Len: 1506

	Ethernet Header
		Dest MAC: 0:2:2d:90:75:89
		Source MAC: 0:6:25:78:c4:7d
		Type: IP

	IP Header
		IP PDU Len: 1492
		Header Len (bytes): 20
		TTL: 239
		Protocol: TCP
		Checksum: Correct (0x66ec)
		Sender IP: 207.46.150.51
		Dest IP: 192.168.1.102

Packet number: 41  Packet Len: 54

	Ethernet Header
		Dest MAC: 0:6:25:78:c4:7d
		Source MAC: 0:2:2d:90:75:89
		Type: IP

	IP Header
		IP PDU Len: 40
		Header Len (bytes): 20
		TTL: 128
		Protocol: TCP
		Checksum: Correct (0x99ab)
		Sender IP: 192.168.1.102
		Dest IP: 207.46.150.51

Packet number: 42  Packet Len: 1506

	Ethernet Header
		Dest MAC: 0:2:2d:90:75:89
		Source MAC: 0:6:25:78:c4:7d
		Type: IP

	IP Header
		IP PDU Len: 1492
		Header Len (bytes): 20
		TTL: 239
		Protocol: TCP
		Checksum: Correct (0x66ea)
		Sender IP: 207.46.150.51
		Dest IP: 192.168.1.102

Packet number: 43  Packet Len: 54

	Ethernet Header
		Dest MAC: 0:6:25:78:c4:7d
		Source MAC: 0:2:2d:90:75:89
		Type: IP

	IP Header
		IP PDU Len: 40
		Header Len (bytes): 20
		TTL: 128
		Protocol: TCP
		Checksum: Correct (0x99aa)
		Sender IP: 192.168.1.102
		Dest IP: 207.46.150.51

Packet number: 44  Packet Len: 1506

	Ethernet Header
		Dest MAC: 0:2:2d:90:75:89
		Source MAC: 0:6:25:78:c4:7d
		Type: IP

	IP Header
		IP PDU Len: 1492
		Header Len (bytes): 20
		TTL: 239
		Protocol: TCP
		Checksum: Correct (0x6277)
		Sender IP: 207.46.150.51
		Dest IP: 192.168.1.102

Packet number: 45  Packet Len: 218

	Ethernet Header
		Dest MAC: 0:2:2d:90:75:89
		Source MAC: 0:6:25:78:c4:7d
		Type: IP

	IP Header
		IP PDU Len: 204
		Header Len (bytes): 20
		TTL: 239
		Protocol: TCP
		Checksum: Correct (0x6169)
		Sender IP: 207.46.150.51
		Dest IP: 192.168.1.102

Packet number: 46  Packet Len: 54

	Ethernet Header
		Dest MAC: 0:6:25:78:c4:7d
		Source MAC: 0:2:2d:90:75:89
		Type: IP

	IP Header
		IP PDU Len: 40
		Header Len (bytes): 20
		TTL: 128
		Protocol: TCP
		Checksum: Correct (0x99a9)
		Sender IP: 192.168.1.102
		Dest IP: 207.46.150.51

Packet number: 47  Packet Len: 60

	Ethernet Header
		Dest MAC: 0:2:2d:90:75:89
		Source MAC: 0:6:25:78:c4:7d
		Type: IP

	IP Header
		IP PDU Len: 40
		Header Len (bytes): 20
		TTL: 239
		Protocol: TCP
		Checksum: Correct (0x5906)
		Sender IP: 207.46.150.51
		Dest IP: 192.168.1.102

Packet number: 48  Packet Len: 69

	Ethernet Header
		Dest MAC: 0:6:25:78:c4:7d
		Source MAC: 0:2:2d:90:75:89
		Type: IP

	IP Header
		IP PDU Len: 55
		Header Len (bytes): 20
		TTL: 128
		Protocol: UDP
		Checksum: Correct (0x523a)
		Sender IP: 192.168.1.102
		Dest IP: 64.166.172.8

Packet number: 49  Packet Len: 279

	Ethernet Header
		Dest MAC: 0:2:2d:90:75:89
		Source MAC: 0:6:25:78:c4:7d
		Type: IP

	IP Header
		IP PDU Len: 265
		Header Len (bytes): 20
		TTL: 253
		Protocol: UDP
		Checksum: Correct (0xf7a2)
		Sender IP: 64.166.172.8
		Dest IP: 192.168.1.102

Packet number: 50  Packet Len: 62

	Ethernet Header
		Dest MAC: 0:6:25:78:c4:7d
		Source MAC: 0:2:2d:90:75:89
		Type: IP

	IP Header
		IP PDU Len: 48
		Header Len (bytes): 20
		TTL: 128
		Protocol: TCP
		Checksum: Correct (0x578b)
		Sender IP: 192.168.1.102
		Dest IP: 207.46.216.61

Packet number: 51  Packet Len: 62

	Ethernet Header
		Dest MAC: 0:2:2d:90:75:89
		Source MAC: 0:6:25:78:c4:7d
		Type: IP

	IP Header
		IP PDU Len: 48
		Header Len (bytes): 20
		TTL: 111
		Protocol: TCP
		Checksum: Correct (0x1d72)
		Sender IP: 207.46.216.61
		Dest IP: 192.168.1.102

Packet number: 52  Packet Len: 54

	Ethernet Header
		Dest MAC: 0:6:25:78:c4:7d
		Source MAC: 0:2:2d:90:75:89
		Type: IP

	IP Header
		IP PDU Len: 40
		Header Len (bytes): 20
		TTL: 128
		Protocol: TCP
		Checksum: Correct (0x5792)
		Sender IP: 192.168.1.102
		Dest IP: 207.46.216.61

Packet number: 53  Packet Len: 834

	Ethernet Header
		Dest MAC: 0:6:25:78:c4:7d
		Source MAC: 0:2:2d:90:75:89
		Type: IP

	IP Header
		IP PDU Len: 820
		Header Len (bytes): 20
		TTL: 128
		Protocol: TCP
		Checksum: Correct (0x5485)
		Sender IP: 192.168.1.102
		Dest IP: 207.46.216.61

Packet number: 54  Packet Len: 79

	Ethernet Header
		Dest MAC: 0:6:25:78:c4:7d
		Source MAC: 0:2:2d:90:75:89
		Type: IP

	IP Header
		IP PDU Len: 65
		Header Len (bytes): 20
		TTL: 128
		Protocol: UDP
		Checksum: Correct (0x5224)
		Sender IP: 192.168.1.102
		Dest IP: 64.166.172.8

Packet number: 55  Packet Len: 191

	Ethernet Header
		Dest MAC: 0:2:2d:90:75:89
		Source MAC: 0:6:25:78:c4:7d
		Type: IP

	IP Header
		IP PDU Len: 177
		Header Len (bytes): 20
		TTL: 253
		Protocol: UDP
		Checksum: Correct (0xf7f9)
		Sender IP: 64.166.172.8
		Dest IP: 192.168.1.102

Packet number: 56  Packet Len: 438

	Ethernet Header
		Dest MAC: 0:2:2d:90:75:89
		Source MAC: 0:6:25:78:c4:7d
		Type: IP

	IP Header
		IP PDU Len: 424
		Header Len (bytes): 20
		TTL: 111
		Protocol: TCP
		Checksum: Correct (0xdb3e)
		Sender IP: 207.46.216.61
		Dest IP: 192.168.1.102

Packet number: 57  Packet Len: 54

	Ethernet Header
		Dest MAC: 0:6:25:78:c4:7d
		Source MAC: 0:2:2d:90:75:89
		Type: IP

	IP Header
		IP PDU Len: 40
		Header Len (bytes): 20
		TTL: 128
		Protocol: TCP
		Checksum: Correct (0x5787)
		Sender IP: 192.168.1.102
		Dest IP: 207.46.216.61

Packet number: 58  Packet Len: 62

	Ethernet Header
		Dest MAC: 0:6:25:78:c4:7d
		Source MAC: 0:2:2d:90:75:89
		Type: IP

	IP Header
		IP PDU Len: 48
		Header Len (bytes): 20
		TTL: 128
		Protocol: TCP
		Checksum: Correct (0x23e9)
		Sender IP: 192.168.1.102
		Dest IP: 66.151.152.106

Packet number: 59  Packet Len: 54

	Ethernet Header
		Dest MAC: 0:6:25:78:c4:7d
		Source MAC: 0:2:2d:90:75:89
		Type: IP

	IP Header
		IP PDU Len: 40
		Header Len (bytes): 20
		TTL: 128
		Protocol: TCP
		Checksum: Correct (0x5783)
		Sender IP: 192.168.1.102
		Dest IP: 207.46.216.61

Packet number: 60  Packet Len: 62

	Ethernet Header
		Dest MAC: 0:2:2d:90:75:89
		Source MAC: 0:6:25:78:c4:7d
		Type: IP

	IP Header
		IP PDU Len: 48
		Header Len (bytes): 20
		TTL: 50
		Protocol: TCP
		Checksum: Correct (0xabb8)
		Sender IP: 66.151.152.106
		Dest IP: 192.168.1.102

Packet number: 61  Packet Len: 54

	Ethernet Header
		Dest MAC: 0:6:25:78:c4:7d
		Source MAC: 0:2:2d:90:75:89
		Type: IP

	IP Header
		IP PDU Len: 40
		Header Len (bytes): 20
		TTL: 128
		Protocol: TCP
		Checksum: Correct (0x23ed)
		Sender IP: 192.168.1.102
		Dest IP: 66.151.152.106

Packet number: 62  Packet Len: 1434

	Ethernet Header
		Dest MAC: 0:6:25:78:c4:7d
		Source MAC: 0:2:2d:90:75:89
		Type: IP

	IP Header
		IP PDU Len: 1420
		Header Len (bytes): 20
		TTL: 128
		Protocol: TCP
		Checksum: Correct (0x1e88)
		Sender IP: 192.168.1.102
		Dest IP: 66.151.152.106

Packet number: 63  Packet Len: 1434

	Ethernet Header
		Dest MAC: 0:6:25:78:c4:7d
		Source MAC: 0:2:2d:90:75:89
		Type: IP

	IP Header
		IP PDU Len: 1420
		Header Len (bytes): 20
		TTL: 128
		Protocol: TCP
		Checksum: Correct (0x1e87)
		Sender IP: 192.168.1.102
		Dest IP: 66.151.152.106

Packet number: 64  Packet Len: 60

	Ethernet Header
		Dest MAC: 0:2:2d:90:75:89
		Source MAC: 0:6:25:78:c4:7d
		Type: IP

	IP Header
		IP PDU Len: 40
		Header Len (bytes): 20
		TTL: 111
		Protocol: TCP
		Checksum: Correct (0xdc2b)
		Sender IP: 207.46.216.61
		Dest IP: 192.168.1.102

Packet number: 65  Packet Len: 60

	Ethernet Header
		Dest MAC: 0:2:2d:90:75:89
		Source MAC: 0:6:25:78:c4:7d
		Type: IP

	IP Header
		IP PDU Len: 40
		Header Len (bytes): 20
		TTL: 50
		Protocol: TCP
		Checksum: Correct (0x9b31)
		Sender IP: 66.151.152.106
		Dest IP: 192.168.1.102

Packet number: 66  Packet Len: 1434

	Ethernet Header
		Dest MAC: 0:6:25:78:c4:7d
		Source MAC: 0:2:2d:90:75:89
		Type: IP

	IP Header
		IP PDU Len: 1420
		Header Len (bytes): 20
		TTL: 128
		Protocol: TCP
		Checksum: Correct (0x1e86)
		Sender IP: 192.168.1.102
		Dest IP: 66.151.152.106

Packet number: 67  Packet Len: 914

	Ethernet Header
		Dest MAC: 0:6:25:78:c4:7d
		Source MAC: 0:2:2d:90:75:89
		Type: IP

	IP Header
		IP PDU Len: 900
		Header Len (bytes): 20
		TTL: 128
		Protocol: TCP
		Checksum: Correct (0x208d)
		Sender IP: 192.168.1.102
		Dest IP: 66.151.152.106

Packet number: 68  Packet Len: 60

	Ethernet Header
		Dest MAC: 0:2:2d:90:75:89
		Source MAC: 0:6:25:78:c4:7d
		Type: IP

	IP Header
		IP PDU Len: 40
		Header Len (bytes): 20
		TTL: 50
		Protocol: TCP
		Checksum: Correct (0x9b30)
		Sender IP: 66.151.152.106
		Dest IP: 192.168.1.102

Packet number: 69  Packet Len: 78

	Ethernet Header
		Dest MAC: 0:6:25:78:c4:7d
		Source MAC: 0:2:2d:90:75:89
		Type: IP

	IP Header
		IP PDU Len: 64
		Header Len (bytes): 20
		TTL: 128
		Protocol: UDP
		Checksum: Correct (0x5212)
		Sender IP: 192.168.1.102
		Dest IP: 64.166.172.8

Packet number: 70  Packet Len: 60

	Ethernet Header
		Dest MAC: 0:2:2d:90:75:89
		Source MAC: 0:6:25:78:c4:7d
		Type: IP

	IP Header
		IP PDU Len: 40
		Header Len (bytes): 20
		TTL: 50
		Protocol: TCP
		Checksum: Correct (0x9b2f)
		Sender IP: 66.151.152.106
		Dest IP: 192.168.1.102

Packet number: 71  Packet Len: 501

	Ethernet Header
		Dest MAC: 0:2:2d:90:75:89
		Source MAC: 0:6:25:78:c4:7d
		Type: IP

	IP Header
		IP PDU Len: 487
		Header Len (bytes): 20
		TTL: 253
		Protocol: UDP
		Checksum: Correct (0xf6c2)
		Sender IP: 64.166.172.8
		Dest IP: 192.168.1.102

Packet number: 72  Packet Len: 62

	Ethernet Header
		Dest MAC: 0:6:25:78:c4:7d
		Source MAC: 0:2:2d:90:75:89
		Type: IP

	IP Header
		IP PDU Len: 48
		Header Len (bytes): 20
		TTL: 128
		Protocol: TCP
		Checksum: Correct (0x5cb0)
		Sender IP: 192.168.1.102
		Dest IP: 69.226.92.70

Packet number: 73  Packet Len: 60

	Ethernet Header
		Dest MAC: 0:2:2d:90:75:89
		Source MAC: 0:6:25:78:c4:7d
		Type: IP

	IP Header
		IP PDU Len: 40
		Header Len (bytes): 20
		TTL: 50
		Protocol: TCP
		Checksum: Correct (0x9b2e)
		Sender IP: 66.151.152.106
		Dest IP: 192.168.1.102

Packet number: 74  Packet Len: 60

	Ethernet Header
		Dest MAC: 0:2:2d:90:75:89
		Source MAC: 0:6:25:78:c4:7d
		Type: IP

	IP Header
		IP PDU Len: 40
		Header Len (bytes): 20
		TTL: 50
		Protocol: TCP
		Checksum: Correct (0x9b2b)
		Sender IP: 66.151.152.106
		Dest IP: 192.168.1.102

Packet number: 75  Packet Len: 66

	Ethernet Header
		Dest MAC: 0:6:25:78:c4:7d
		Source MAC: 0:2:2d:90:75:89
		Type: IP

	IP Header
		IP PDU Len: 52
		Header Len (bytes): 20
		TTL: 128
		Protocol: TCP
		Checksum: Correct (0x23d2)
		Sender IP: 192.168.1.102
		Dest IP: 66.151.152.106

Packet number: 76  Packet Len: 308

	Ethernet Header
		Dest MAC: 0:2:2d:90:75:89
		Source MAC: 0:6:25:78:c4:7d
		Type: IP

	IP Header
		IP PDU Len: 294
		Header Len (bytes): 20
		TTL: 50
		Protocol: TCP
		Checksum: Correct (0x9a2e)
		Sender IP: 66.151.152.106
		Dest IP: 192.168.1.102

Packet number: 77  Packet Len: 66

	Ethernet Header
		Dest MAC: 0:6:25:78:c4:7d
		Source MAC: 0:2:2d:90:75:89
		Type: IP

	IP Header
		IP PDU Len: 52
		Header Len (bytes): 20
		TTL: 128
		Protocol: TCP
		Checksum: Correct (0x23d1)
		Sender IP: 192.168.1.102
		Dest IP: 66.151.152.106

Packet number: 78  Packet Len: 1434

	Ethernet Header
		Dest MAC: 0:2:2d:90:75:89
		Source MAC: 0:6:25:78:c4:7d
		Type: IP

	IP Header
		IP PDU Len: 1420
		Header Len (bytes): 20
		TTL: 50
		Protocol: TCP
		Checksum: Correct (0x95c9)
		Sender IP: 66.151.152.106
		Dest IP: 192.168.1.102

Packet number: 79  Packet Len: 66

	Ethernet Header
		Dest MAC: 0:6:25:78:c4:7d
		Source MAC: 0:2:2d:90:75:89
		Type: IP

	IP Header
		IP PDU Len: 52
		Header Len (bytes): 20
		TTL: 128
		Protocol: TCP
		Checksum: Correct (0x23d0)
		Sender IP: 192.168.1.102
		Dest IP: 66.151.152.106

Packet number: 80  Packet Len: 54

	Ethernet Header
		Dest MAC: 0:6:25:78:c4:7d
		Source MAC: 0:2:2d:90:75:89
		Type: IP

	IP Header
		IP PDU Len: 40
		Header Len (bytes): 20
		TTL: 128
		Protocol: TCP
		Checksum: Correct (0x23d9)
		Sender IP: 192.168.1.102
		Dest IP: 66.151.152.106

Packet number: 81  Packet Len: 62

	Ethernet Header
		Dest MAC: 0:2:2d:90:75:89
		Source MAC: 0:6:25:78:c4:7d
		Type: IP

	IP Header
		IP PDU Len: 48
		Header Len (bytes): 20
		TTL: 56
		Protocol: TCP
		Checksum: Correct (0xde91)
		Sender IP: 69.226.92.70
		Dest IP: 192.168.1.102

Packet number: 82  Packet Len: 54

	Ethernet Header
		Dest MAC: 0:6:25:78:c4:7d
		Source MAC: 0:2:2d:90:75:89
		Type: IP

	IP Header
		IP PDU Len: 40
		Header Len (bytes): 20
		TTL: 128
		Protocol: TCP
		Checksum: Correct (0x5cb1)
		Sender IP: 192.168.1.102
		Dest IP: 69.226.92.70

Packet number: 83  Packet Len: 852

	Ethernet Header
		Dest MAC: 0:6:25:78:c4:7d
		Source MAC: 0:2:2d:90:75:89
		Type: IP

	IP Header
		IP PDU Len: 838
		Header Len (bytes): 20
		TTL: 128
		Protocol: TCP
		Checksum: Correct (0x5992)
		Sender IP: 192.168.1.102
		Dest IP: 69.226.92.70

Packet number: 84  Packet Len: 62

	Ethernet Header
		Dest MAC: 0:6:25:78:c4:7d
		Source MAC: 0:2:2d:90:75:89
		Type: IP

	IP Header
		IP PDU Len: 48
		Header Len (bytes): 20
		TTL: 128
		Protocol: TCP
		Checksum: Correct (0x5c9f)
		Sender IP: 192.168.1.102
		Dest IP: 69.226.92.70

Packet number: 85  Packet Len: 60

	Ethernet Header
		Dest MAC: 0:2:2d:90:75:89
		Source MAC: 0:6:25:78:c4:7d
		Type: IP

	IP Header
		IP PDU Len: 40
		Header Len (bytes): 20
		TTL: 50
		Protocol: TCP
		Checksum: Correct (0x9b2a)
		Sender IP: 66.151.152.106
		Dest IP: 192.168.1.102

Packet number: 86  Packet Len: 60

	Ethernet Header
		Dest MAC: 0:2:2d:90:75:89
		Source MAC: 0:6:25:78:c4:7d
		Type: IP

	IP Header
		IP PDU Len: 40
		Header Len (bytes): 20
		TTL: 56
		Protocol: TCP
		Checksum: Correct (0xb9be)
		Sender IP: 69.226.92.70
		Dest IP: 192.168.1.102

Packet number: 87  Packet Len: 283

	Ethernet Header
		Dest MAC: 0:2:2d:90:75:89
		Source MAC: 0:6:25:78:c4:7d
		Type: IP

	IP Header
		IP PDU Len: 269
		Header Len (bytes): 20
		TTL: 56
		Protocol: TCP
		Checksum: Correct (0xb8d8)
		Sender IP: 69.226.92.70
		Dest IP: 192.168.1.102

Packet number: 88  Packet Len: 765

	Ethernet Header
		Dest MAC: 0:6:25:78:c4:7d
		Source MAC: 0:2:2d:90:75:89
		Type: IP

	IP Header
		IP PDU Len: 751
		Header Len (bytes): 20
		TTL: 128
		Protocol: TCP
		Checksum: Correct (0x59d9)
		Sender IP: 192.168.1.102
		Dest IP: 69.226.92.70

Packet number: 89  Packet Len: 62

	Ethernet Header
		Dest MAC: 0:2:2d:90:75:89
		Source MAC: 0:6:25:78:c4:7d
		Type: IP

	IP Header
		IP PDU Len: 48
		Header Len (bytes): 20
		TTL: 56
		Protocol: TCP
		Checksum: Correct (0xde91)
		Sender IP: 69.226.92.70
		Dest IP: 192.168.1.102

Packet number: 90  Packet Len: 54

	Ethernet Header
		Dest MAC: 0:6:25:78:c4:7d
		Source MAC: 0:2:2d:90:75:89
		Type: IP

	IP Header
		IP PDU Len: 40
		Header Len (bytes): 20
		TTL: 128
		Protocol: TCP
		Checksum: Correct (0x5c9f)
		Sender IP: 192.168.1.102
		Dest IP: 69.226.92.70

Packet number: 91  Packet Len: 854

	Ethernet Header
		Dest MAC: 0:6:25:78:c4:7d
		Source MAC: 0:2:2d:90:75:89
		Type: IP

	IP Header
		IP PDU Len: 840
		Header Len (bytes): 20
		TTL: 128
		Protocol: TCP
		Checksum: Correct (0x597a)
		Sender IP: 192.168.1.102
		Dest IP: 69.226.92.70

Packet number: 92  Packet Len: 62

	Ethernet Header
		Dest MAC: 0:6:25:78:c4:7d
		Source MAC: 0:2:2d:90:75:89
		Type: IP

	IP Header
		IP PDU Len: 48
		Header Len (bytes): 20
		TTL: 128
		Protocol: TCP
		Checksum: Correct (0x23b2)
		Sender IP: 192.168.1.102
		Dest IP: 66.151.152.106

Packet number: 93  Packet Len: 1506

	Ethernet Header
		Dest MAC: 0:2:2d:90:75:89
		Source MAC: 0:6:25:78:c4:7d
		Type: IP

	IP Header
		IP PDU Len: 1492
		Header Len (bytes): 20
		TTL: 56
		Protocol: TCP
		Checksum: Correct (0xb410)
		Sender IP: 69.226.92.70
		Dest IP: 192.168.1.102

Packet number: 94  Packet Len: 1506

	Ethernet Header
		Dest MAC: 0:2:2d:90:75:89
		Source MAC: 0:6:25:78:c4:7d
		Type: IP

	IP Header
		IP PDU Len: 1492
		Header Len (bytes): 20
		TTL: 56
		Protocol: TCP
		Checksum: Correct (0xb40f)
		Sender IP: 69.226.92.70
		Dest IP: 192.168.1.102

Packet number: 95  Packet Len: 54

	Ethernet Header
		Dest MAC: 0:6:25:78:c4:7d
		Source MAC: 0:2:2d:90:75:89
		Type: IP

	IP Header
		IP PDU Len: 40
		Header Len (bytes): 20
		TTL: 128
		Protocol: TCP
		Checksum: Correct (0x5c92)
		Sender IP: 192.168.1.102
		Dest IP: 69.226.92.70

Packet number: 96  Packet Len: 1506

	Ethernet Header
		Dest MAC: 0:2:2d:90:75:89
		Source MAC: 0:6:25:78:c4:7d
		Type: IP

	IP Header
		IP PDU Len: 1492
		Header Len (bytes): 20
		TTL: 56
		Protocol: TCP
		Checksum: Correct (0xb40e)
		Sender IP: 69.226.92.70
		Dest IP: 192.168.1.102

Packet number: 97  Packet Len: 54

	Ethernet Header
		Dest MAC: 0:6:25:78:c4:7d
		Source MAC: 0:2:2d:90:75:89
		Type: IP

	IP Header
		IP PDU Len: 40
		Header Len (bytes): 20
		TTL: 128
		Protocol: TCP
		Checksum: Correct (0x5c91)
		Sender IP: 192.168.1.102
		Dest IP: 69.226.92.70

Packet number: 98  Packet Len: 1506

	Ethernet Header
		Dest MAC: 0:2:2d:90:75:89
		Source MAC: 0:6:25:78:c4:7d
		Type: IP

	IP Header
		IP PDU Len: 1492
		Header Len (bytes): 20
		TTL: 56
		Protocol: TCP
		Checksum: Correct (0xb40d)
		Sender IP: 69.226.92.70
		Dest IP: 192.168.1.102

Packet number: 99  Packet Len: 60

	Ethernet Header
		Dest MAC: 0:2:2d:90:75:89
		Source MAC: 0:6:25:78:c4:7d
		Type: IP

	IP Header
		IP PDU Len: 40
		Header Len (bytes): 20
		TTL: 56
		Protocol: TCP
		Checksum: Correct (0x945d)
		Sender IP: 69.226.92.70
		Dest IP: 192.168.1.102

Packet number: 100  Packet Len: 284

	Ethernet Header
		Dest MAC: 0:2:2d:90:75:89
		Source MAC: 0:6:25:78:c4:7d
		Type: IP

	IP Header
		IP PDU Len: 270
		Header Len (bytes): 20
		TTL: 56
		Protocol: TCP
		Checksum: Correct (0x9376)
		Sender IP: 69.226.92.70
		Dest IP: 192.168.1.102

Packet number: 101  Packet Len: 62

	Ethernet Header
		Dest MAC: 0:2:2d:90:75:89
		Source MAC: 0:6:25:78:c4:7d
		Type: IP

	IP Header
		IP PDU Len: 48
		Header Len (bytes): 20
		TTL: 50
		Protocol: TCP
		Checksum: Correct (0xabb8)
		Sender IP: 66.151.152.106
		Dest IP: 192.168.1.102

Packet number: 102  Packet Len: 54

	Ethernet Header
		Dest MAC: 0:6:25:78:c4:7d
		Source MAC: 0:2:2d:90:75:89
		Type: IP

	IP Header
		IP PDU Len: 40
		Header Len (bytes): 20
		TTL: 128
		Protocol: TCP
		Checksum: Correct (0x23b7)
		Sender IP: 192.168.1.102
		Dest IP: 66.151.152.106

Packet number: 103  Packet Len: 1434

	Ethernet Header
		Dest MAC: 0:6:25:78:c4:7d
		Source MAC: 0:2:2d:90:75:89
		Type: IP

	IP Header
		IP PDU Len: 1420
		Header Len (bytes): 20
		TTL: 128
		Protocol: TCP
		Checksum: Correct (0x1e50)
		Sender IP: 192.168.1.102
		Dest IP: 66.151.152.106

Packet number: 104  Packet Len: 1434

	Ethernet Header
		Dest MAC: 0:6:25:78:c4:7d
		Source MAC: 0:2:2d:90:75:89
		Type: IP

	IP Header
		IP PDU Len: 1420
		Header Len (bytes): 20
		TTL: 128
		Protocol: TCP
		Checksum: Correct (0x1e4f)
		Sender IP: 192.168.1.102
		Dest IP: 66.151.152.106

Packet number: 105  Packet Len: 842

	Ethernet Header
		Dest MAC: 0:6:25:78:c4:7d
		Source MAC: 0:2:2d:90:75:89
		Type: IP

	IP Header
		IP PDU Len: 828
		Header Len (bytes): 20
		TTL: 128
		Protocol: TCP
		Checksum: Correct (0x5977)
		Sender IP: 192.168.1.102
		Dest IP: 69.226.92.70

Packet number: 106  Packet Len: 1506

	Ethernet Header
		Dest MAC: 0:2:2d:90:75:89
		Source MAC: 0:6:25:78:c4:7d
		Type: IP

	IP Header
		IP PDU Len: 1492
		Header Len (bytes): 20
		TTL: 56
		Protocol: TCP
		Checksum: Correct (0xb40c)
		Sender IP: 69.226.92.70
		Dest IP: 192.168.1.102

Packet number: 107  Packet Len: 54

	Ethernet Header
		Dest MAC: 0:6:25:78:c4:7d
		Source MAC: 0:2:2d:90:75:89
		Type: IP

	IP Header
		IP PDU Len: 40
		Header Len (bytes): 20
		TTL: 128
		Protocol: TCP
		Checksum: Correct (0x5c8a)
		Sender IP: 192.168.1.102
		Dest IP: 69.226.92.70

Packet number: 108  Packet Len: 1506

	Ethernet Header
		Dest MAC: 0:2:2d:90:75:89
		Source MAC: 0:6:25:78:c4:7d
		Type: IP

	IP Header
		IP PDU Len: 1492
		Header Len (bytes): 20
		TTL: 56
		Protocol: TCP
		Checksum: Correct (0xb40b)
		Sender IP: 69.226.92.70
		Dest IP: 192.168.1.102

Packet number: 109  Packet Len: 54

	Ethernet Header
		Dest MAC: 0:6:25:78:c4:7d
		Source MAC: 0:2:2d:90:75:89
		Type: IP

	IP Header
		IP PDU Len: 40
		Header Len (bytes): 20
		TTL: 128
		Protocol: TCP
		Checksum: Correct (0x5c89)
		Sender IP: 192.168.1.102
		Dest IP: 69.226.92.70

Packet number: 110  Packet Len: 1506

	Ethernet Header
		Dest MAC: 0:2:2d:90:75:89
		Source MAC: 0:6:25:78:c4:7d
		Type: IP

	IP Header
		IP PDU Len: 1492
		Header Len (bytes): 20
		TTL: 56
		Protocol: TCP
		Checksum: Correct (0xb40a)
		Sender IP: 69.226.92.70
		Dest IP: 192.168.1.102

Packet number: 111  Packet Len: 1506

	Ethernet Header
		Dest MAC: 0:2:2d:90:75:89
		Source MAC: 0:6:25:78:c4:7d
		Type: IP

	IP Header
		IP PDU Len: 1492
		Header Len (bytes): 20
		TTL: 56
		Protocol: TCP
		Checksum: Correct (0xb409)
		Sender IP: 69.226.92.70
		Dest IP: 192.168.1.102

Packet number: 112  Packet Len: 54

	Ethernet Header
		Dest MAC: 0:6:25:78:c4:7d
		Source MAC: 0:2:2d:90:75:89
		Type: IP

	IP Header
		IP PDU Len: 40
		Header Len (bytes): 20
		TTL: 128
		Protocol: TCP
		Checksum: Correct (0x5c88)
		Sender IP: 192.168.1.102
		Dest IP: 69.226.92.70

Packet number: 113  Packet Len: 1506

	Ethernet Header
		Dest MAC: 0:2:2d:90:75:89
		Source MAC: 0:6:25:78:c4:7d
		Type: IP

	IP Header
		IP PDU Len: 1492
		Header Len (bytes): 20
		TTL: 56
		Protocol: TCP
		Checksum: Correct (0xb408)
		Sender IP: 69.226.92.70
		Dest IP: 192.168.1.102

Packet number: 114  Packet Len: 60

	Ethernet Header
		Dest MAC: 0:2:2d:90:75:89
		Source MAC: 0:6:25:78:c4:7d
		Type: IP

	IP Header
		IP PDU Len: 40
		Header Len (bytes): 20
		TTL: 50
		Protocol: TCP
		Checksum: Correct (0xf1a1)
		Sender IP: 66.151.152.106
		Dest IP: 192.168.1.102

Packet number: 115  Packet Len: 1434

	Ethernet Header
		Dest MAC: 0:6:25:78:c4:7d
		Source MAC: 0:2:2d:90:75:89
		Type: IP

	IP Header
		IP PDU Len: 1420
		Header Len (bytes): 20
		TTL: 128
		Protocol: TCP
		Checksum: Correct (0x1e4a)
		Sender IP: 192.168.1.102
		Dest IP: 66.151.152.106

Packet number: 116  Packet Len: 1005

	Ethernet Header
		Dest MAC: 0:6:25:78:c4:7d
		Source MAC: 0:2:2d:90:75:89
		Type: IP

	IP Header
		IP PDU Len: 991
		Header Len (bytes): 20
		TTL: 128
		Protocol: TCP
		Checksum: Correct (0x1ff6)
		Sender IP: 192.168.1.102
		Dest IP: 66.151.152.106

Packet number: 117  Packet Len: 60

	Ethernet Header
		Dest MAC: 0:2:2d:90:75:89
		Source MAC: 0:6:25:78:c4:7d
		Type: IP

	IP Header
		IP PDU Len: 40
		Header Len (bytes): 20
		TTL: 50
		Protocol: TCP
		Checksum: Correct (0xf1a0)
		Sender IP: 66.151.152.106
		Dest IP: 192.168.1.102

Packet number: 118  Packet Len: 1506

	Ethernet Header
		Dest MAC: 0:2:2d:90:75:89
		Source MAC: 0:6:25:78:c4:7d
		Type: IP

	IP Header
		IP PDU Len: 1492
		Header Len (bytes): 20
		TTL: 56
		Protocol: TCP
		Checksum: Correct (0xb407)
		Sender IP: 69.226.92.70
		Dest IP: 192.168.1.102

Packet number: 119  Packet Len: 54

	Ethernet Header
		Dest MAC: 0:6:25:78:c4:7d
		Source MAC: 0:2:2d:90:75:89
		Type: IP

	IP Header
		IP PDU Len: 40
		Header Len (bytes): 20
		TTL: 128
		Protocol: TCP
		Checksum: Correct (0x5c85)
		Sender IP: 192.168.1.102
		Dest IP: 69.226.92.70

Packet number: 120  Packet Len: 1506

	Ethernet Header
		Dest MAC: 0:2:2d:90:75:89
		Source MAC: 0:6:25:78:c4:7d
		Type: IP

	IP Header
		IP PDU Len: 1492
		Header Len (bytes): 20
		TTL: 56
		Protocol: TCP
		Checksum: Correct (0xb406)
		Sender IP: 69.226.92.70
		Dest IP: 192.168.1.102

Packet number: 121  Packet Len: 284

	Ethernet Header
		Dest MAC: 0:2:2d:90:75:89
		Source MAC: 0:6:25:78:c4:7d
		Type: IP

	IP Header
		IP PDU Len: 270
		Header Len (bytes): 20
		TTL: 56
		Protocol: TCP
		Checksum: Correct (0x9375)
		Sender IP: 69.226.92.70
		Dest IP: 192.168.1.102

Packet number: 122  Packet Len: 625

	Ethernet Header
		Dest MAC: 0:2:2d:90:75:89
		Source MAC: 0:6:25:78:c4:7d
		Type: IP

	IP Header
		IP PDU Len: 611
		Header Len (bytes): 20
		TTL: 56
		Protocol: TCP
		Checksum: Correct (0xb773)
		Sender IP: 69.226.92.70
		Dest IP: 192.168.1.102

Packet number: 123  Packet Len: 66

	Ethernet Header
		Dest MAC: 0:6:25:78:c4:7d
		Source MAC: 0:2:2d:90:75:89
		Type: IP

	IP Header
		IP PDU Len: 52
		Header Len (bytes): 20
		TTL: 128
		Protocol: TCP
		Checksum: Correct (0x5c76)
		Sender IP: 192.168.1.102
		Dest IP: 69.226.92.70

Packet number: 124  Packet Len: 60

	Ethernet Header
		Dest MAC: 0:2:2d:90:75:89
		Source MAC: 0:6:25:78:c4:7d
		Type: IP

	IP Header
		IP PDU Len: 40
		Header Len (bytes): 20
		TTL: 50
		Protocol: TCP
		Checksum: Correct (0xf19f)
		Sender IP: 66.151.152.106
		Dest IP: 192.168.1.102

Packet number: 125  Packet Len: 1506

	Ethernet Header
		Dest MAC: 0:2:2d:90:75:89
		Source MAC: 0:6:25:78:c4:7d
		Type: IP

	IP Header
		IP PDU Len: 1492
		Header Len (bytes): 20
		TTL: 56
		Protocol: TCP
		Checksum: Correct (0xb401)
		Sender IP: 69.226.92.70
		Dest IP: 192.168.1.102

Packet number: 126  Packet Len: 60

	Ethernet Header
		Dest MAC: 0:2:2d:90:75:89
		Source MAC: 0:6:25:78:c4:7d
		Type: IP

	IP Header
		IP PDU Len: 40
		Header Len (bytes): 20
		TTL: 50
		Protocol: TCP
		Checksum: Correct (0xf19e)
		Sender IP: 66.151.152.106
		Dest IP: 192.168.1.102

Packet number: 127  Packet Len: 742

	Ethernet Header
		Dest MAC: 0:2:2d:90:75:89
		Source MAC: 0:6:25:78:c4:7d
		Type: IP

	IP Header
		IP PDU Len: 728
		Header Len (bytes): 20
		TTL: 50
		Protocol: TCP
		Checksum: Correct (0xeeed)
		Sender IP: 66.151.152.106
		Dest IP: 192.168.1.102

Packet number: 128  Packet Len: 60

	Ethernet Header
		Dest MAC: 0:2:2d:90:75:89
		Source MAC: 0:6:25:78:c4:7d
		Type: IP

	IP Header
		IP PDU Len: 40
		Header Len (bytes): 20
		TTL: 50
		Protocol: TCP
		Checksum: Correct (0xf19c)
		Sender IP: 66.151.152.106
		Dest IP: 192.168.1.102

Packet number: 129  Packet Len: 54

	Ethernet Header
		Dest MAC: 0:6:25:78:c4:7d
		Source MAC: 0:2:2d:90:75:89
		Type: IP

	IP Header
		IP PDU Len: 40
		Header Len (bytes): 20
		TTL: 128
		Protocol: TCP
		Checksum: Correct (0x23a8)
		Sender IP: 192.168.1.102
		Dest IP: 66.151.152.106

Packet number: 130  Packet Len: 54

	Ethernet Header
		Dest MAC: 0:6:25:78:c4:7d
		Source MAC: 0:2:2d:90:75:89
		Type: IP

	IP Header
		IP PDU Len: 40
		Header Len (bytes): 20
		TTL: 128
		Protocol: TCP
		Checksum: Correct (0x23a5)
		Sender IP: 192.168.1.102
		Dest IP: 66.151.152.106

Packet number: 131  Packet Len: 60

	Ethernet Header
		Dest MAC: 0:2:2d:90:75:89
		Source MAC: 0:6:25:78:c4:7d
		Type: IP

	IP Header
		IP PDU Len: 40
		Header Len (bytes): 20
		TTL: 50
		Protocol: TCP
		Checksum: Correct (0xf19b)
		Sender IP: 66.151.152.106
		Dest IP: 192.168.1.102

Packet number: 132  Packet Len: 66

	Ethernet Header
		Dest MAC: 0:6:25:78:c4:7d
		Source MAC: 0:2:2d:90:75:89
		Type: IP

	IP Header
		IP PDU Len: 52
		Header Len (bytes): 20
		TTL: 128
		Protocol: TCP
		Checksum: Correct (0x5c71)
		Sender IP: 192.168.1.102
		Dest IP: 69.226.92.70

Packet number: 133  Packet Len: 54

	Ethernet Header
		Dest MAC: 0:6:25:78:c4:7d
		Source MAC: 0:2:2d:90:75:89
		Type: IP

	IP Header
		IP PDU Len: 40
		Header Len (bytes): 20
		TTL: 128
		Protocol: TCP
		Checksum: Correct (0x5c7c)
		Sender IP: 192.168.1.102
		Dest IP: 69.226.92.70

Packet number: 134  Packet Len: 1506

	Ethernet Header
		Dest MAC: 0:2:2d:90:75:89
		Source MAC: 0:6:25:78:c4:7d
		Type: IP

	IP Header
		IP PDU Len: 1492
		Header Len (bytes): 20
		TTL: 56
		Protocol: TCP
		Checksum: Correct (0xb400)
		Sender IP: 69.226.92.70
		Dest IP: 192.168.1.102

Packet number: 135  Packet Len: 66

	Ethernet Header
		Dest MAC: 0:6:25:78:c4:7d
		Source MAC: 0:2:2d:90:75:89
		Type: IP

	IP Header
		IP PDU Len: 52
		Header Len (bytes): 20
		TTL: 128
		Protocol: TCP
		Checksum: Correct (0x5c6f)
		Sender IP: 192.168.1.102
		Dest IP: 69.226.92.70

Packet number: 136  Packet Len: 1506

	Ethernet Header
		Dest MAC: 0:2:2d:90:75:89
		Source MAC: 0:6:25:78:c4:7d
		Type: IP

	IP Header
		IP PDU Len: 1492
		Header Len (bytes): 20
		TTL: 56
		Protocol: TCP
		Checksum: Correct (0xb3ff)
		Sender IP: 69.226.92.70
		Dest IP: 192.168.1.102

Packet number: 137  Packet Len: 54

	Ethernet Header
		Dest MAC: 0:6:25:78:c4:7d
		Source MAC: 0:2:2d:90:75:89
		Type: IP

	IP Header
		IP PDU Len: 40
		Header Len (bytes): 20
		TTL: 128
		Protocol: TCP
		Checksum: Correct (0x5c7a)
		Sender IP: 192.168.1.102
		Dest IP: 69.226.92.70

Packet number: 138  Packet Len: 976

	Ethernet Header
		Dest MAC: 0:6:25:78:c4:7d
		Source MAC: 0:2:2d:90:75:89
		Type: IP

	IP Header
		IP PDU Len: 962
		Header Len (bytes): 20
		TTL: 128
		Protocol: TCP
		Checksum: Correct (0x58db)
		Sender IP: 192.168.1.102
		Dest IP: 69.226.92.70

Packet number: 139  Packet Len: 847

	Ethernet Header
		Dest MAC: 0:6:25:78:c4:7d
		Source MAC: 0:2:2d:90:75:89
		Type: IP

	IP Header
		IP PDU Len: 833
		Header Len (bytes): 20
		TTL: 128
		Protocol: TCP
		Checksum: Correct (0x5959)
		Sender IP: 192.168.1.102
		Dest IP: 69.226.92.70

Packet number: 140  Packet Len: 73

	Ethernet Header
		Dest MAC: 0:6:25:78:c4:7d
		Source MAC: 0:2:2d:90:75:89
		Type: IP

	IP Header
		IP PDU Len: 59
		Header Len (bytes): 20
		TTL: 128
		Protocol: UDP
		Checksum: Correct (0x51c5)
		Sender IP: 192.168.1.102
		Dest IP: 64.166.172.8

Packet number: 141  Packet Len: 302

	Ethernet Header
		Dest MAC: 0:2:2d:90:75:89
		Source MAC: 0:6:25:78:c4:7d
		Type: IP

	IP Header
		IP PDU Len: 288
		Header Len (bytes): 20
		TTL: 56
		Protocol: TCP
		Checksum: Correct (0x9362)
		Sender IP: 69.226.92.70
		Dest IP: 192.168.1.102

Packet number: 142  Packet Len: 876

	Ethernet Header
		Dest MAC: 0:6:25:78:c4:7d
		Source MAC: 0:2:2d:90:75:89
		Type: IP

	IP Header
		IP PDU Len: 862
		Header Len (bytes): 20
		TTL: 128
		Protocol: TCP
		Checksum: Correct (0x5930)
		Sender IP: 192.168.1.102
		Dest IP: 69.226.92.70

Packet number: 143  Packet Len: 169

	Ethernet Header
		Dest MAC: 0:2:2d:90:75:89
		Source MAC: 0:6:25:78:c4:7d
		Type: IP

	IP Header
		IP PDU Len: 155
		Header Len (bytes): 20
		TTL: 253
		Protocol: UDP
		Checksum: Correct (0xf80d)
		Sender IP: 64.166.172.8
		Dest IP: 192.168.1.102

Packet number: 144  Packet Len: 284

	Ethernet Header
		Dest MAC: 0:2:2d:90:75:89
		Source MAC: 0:6:25:78:c4:7d
		Type: IP

	IP Header
		IP PDU Len: 270
		Header Len (bytes): 20
		TTL: 56
		Protocol: TCP
		Checksum: Correct (0xb8c4)
		Sender IP: 69.226.92.70
		Dest IP: 192.168.1.102

Packet number: 145  Packet Len: 62

	Ethernet Header
		Dest MAC: 0:6:25:78:c4:7d
		Source MAC: 0:2:2d:90:75:89
		Type: IP

	IP Header
		IP PDU Len: 48
		Header Len (bytes): 20
		TTL: 128
		Protocol: TCP
		Checksum: Correct (0x9921)
		Sender IP: 192.168.1.102
		Dest IP: 207.46.150.51

Packet number: 146  Packet Len: 283

	Ethernet Header
		Dest MAC: 0:2:2d:90:75:89
		Source MAC: 0:6:25:78:c4:7d
		Type: IP

	IP Header
		IP PDU Len: 269
		Header Len (bytes): 20
		TTL: 56
		Protocol: TCP
		Checksum: Correct (0x9374)
		Sender IP: 69.226.92.70
		Dest IP: 192.168.1.102

Packet number: 147  Packet Len: 62

	Ethernet Header
		Dest MAC: 0:2:2d:90:75:89
		Source MAC: 0:6:25:78:c4:7d
		Type: IP

	IP Header
		IP PDU Len: 48
		Header Len (bytes): 20
		TTL: 239
		Protocol: TCP
		Checksum: Correct (0xecaa)
		Sender IP: 207.46.150.51
		Dest IP: 192.168.1.102

Packet number: 148  Packet Len: 54

	Ethernet Header
		Dest MAC: 0:6:25:78:c4:7d
		Source MAC: 0:2:2d:90:75:89
		Type: IP

	IP Header
		IP PDU Len: 40
		Header Len (bytes): 20
		TTL: 128
		Protocol: TCP
		Checksum: Correct (0x9924)
		Sender IP: 192.168.1.102
		Dest IP: 207.46.150.51

Packet number: 149  Packet Len: 1136

	Ethernet Header
		Dest MAC: 0:6:25:78:c4:7d
		Source MAC: 0:2:2d:90:75:89
		Type: IP

	IP Header
		IP PDU Len: 1122
		Header Len (bytes): 20
		TTL: 128
		Protocol: TCP
		Checksum: Correct (0x94e9)
		Sender IP: 192.168.1.102
		Dest IP: 207.46.150.51

Packet number: 150  Packet Len: 1506

	Ethernet Header
		Dest MAC: 0:2:2d:90:75:89
		Source MAC: 0:6:25:78:c4:7d
		Type: IP

	IP Header
		IP PDU Len: 1492
		Header Len (bytes): 20
		TTL: 239
		Protocol: TCP
		Checksum: Correct (0xe0de)
		Sender IP: 207.46.150.51
		Dest IP: 192.168.1.102

Packet number: 151  Packet Len: 54

	Ethernet Header
		Dest MAC: 0:6:25:78:c4:7d
		Source MAC: 0:2:2d:90:75:89
		Type: IP

	IP Header
		IP PDU Len: 40
		Header Len (bytes): 20
		TTL: 128
		Protocol: TCP
		Checksum: Correct (0x5c5c)
		Sender IP: 192.168.1.102
		Dest IP: 69.226.92.70

Packet number: 152  Packet Len: 54

	Ethernet Header
		Dest MAC: 0:6:25:78:c4:7d
		Source MAC: 0:2:2d:90:75:89
		Type: IP

	IP Header
		IP PDU Len: 40
		Header Len (bytes): 20
		TTL: 128
		Protocol: TCP
		Checksum: Correct (0x5c5b)
		Sender IP: 192.168.1.102
		Dest IP: 69.226.92.70

Packet number: 153  Packet Len: 75

	Ethernet Header
		Dest MAC: 0:2:2d:90:75:89
		Source MAC: 0:6:25:78:c4:7d
		Type: IP

	IP Header
		IP PDU Len: 61
		Header Len (bytes): 20
		TTL: 239
		Protocol: TCP
		Checksum: Correct (0xe674)
		Sender IP: 207.46.150.51
		Dest IP: 192.168.1.102

Packet number: 154  Packet Len: 54

	Ethernet Header
		Dest MAC: 0:6:25:78:c4:7d
		Source MAC: 0:2:2d:90:75:89
		Type: IP

	IP Header
		IP PDU Len: 40
		Header Len (bytes): 20
		TTL: 128
		Protocol: TCP
		Checksum: Correct (0x9920)
		Sender IP: 192.168.1.102
		Dest IP: 207.46.150.51

Packet number: 155  Packet Len: 686

	Ethernet Header
		Dest MAC: 0:2:2d:90:75:89
		Source MAC: 0:6:25:78:c4:7d
		Type: IP

	IP Header
		IP PDU Len: 672
		Header Len (bytes): 20
		TTL: 239
		Protocol: TCP
		Checksum: Correct (0xe02d)
		Sender IP: 207.46.150.51
		Dest IP: 192.168.1.102

Packet number: 156  Packet Len: 54

	Ethernet Header
		Dest MAC: 0:6:25:78:c4:7d
		Source MAC: 0:2:2d:90:75:89
		Type: IP

	IP Header
		IP PDU Len: 40
		Header Len (bytes): 20
		TTL: 128
		Protocol: TCP
		Checksum: Correct (0x991d)
		Sender IP: 192.168.1.102
		Dest IP: 207.46.150.51

Packet number: 157  Packet Len: 881

	Ethernet Header
		Dest MAC: 0:6:25:78:c4:7d
		Source MAC: 0:2:2d:90:75:89
		Type: IP

	IP Header
		IP PDU Len: 867
		Header Len (bytes): 20
		TTL: 128
		Protocol: TCP
		Checksum: Correct (0x5919)
		Sender IP: 192.168.1.102
		Dest IP: 69.226.92.70

Packet number: 158  Packet Len: 884

	Ethernet Header
		Dest MAC: 0:6:25:78:c4:7d
		Source MAC: 0:2:2d:90:75:89
		Type: IP

	IP Header
		IP PDU Len: 870
		Header Len (bytes): 20
		TTL: 128
		Protocol: TCP
		Checksum: Correct (0x5913)
		Sender IP: 192.168.1.102
		Dest IP: 69.226.92.70

Packet number: 159  Packet Len: 283

	Ethernet Header
		Dest MAC: 0:2:2d:90:75:89
		Source MAC: 0:6:25:78:c4:7d
		Type: IP

	IP Header
		IP PDU Len: 269
		Header Len (bytes): 20
		TTL: 56
		Protocol: TCP
		Checksum: Correct (0xb8c4)
		Sender IP: 69.226.92.70
		Dest IP: 192.168.1.102

Packet number: 160  Packet Len: 284

	Ethernet Header
		Dest MAC: 0:2:2d:90:75:89
		Source MAC: 0:6:25:78:c4:7d
		Type: IP

	IP Header
		IP PDU Len: 270
		Header Len (bytes): 20
		TTL: 56
		Protocol: TCP
		Checksum: Correct (0x9372)
		Sender IP: 69.226.92.70
		Dest IP: 192.168.1.102

Packet number: 161  Packet Len: 54

	Ethernet Header
		Dest MAC: 0:6:25:78:c4:7d
		Source MAC: 0:2:2d:90:75:89
		Type: IP

	IP Header
		IP PDU Len: 40
		Header Len (bytes): 20
		TTL: 128
		Protocol: TCP
		Checksum: Correct (0x5c4c)
		Sender IP: 192.168.1.102
		Dest IP: 69.226.92.70

Packet number: 162  Packet Len: 54

	Ethernet Header
		Dest MAC: 0:6:25:78:c4:7d
		Source MAC: 0:2:2d:90:75:89
		Type: IP

	IP Header
		IP PDU Len: 40
		Header Len (bytes): 20
		TTL: 128
		Protocol: TCP
		Checksum: Correct (0x5c4b)
		Sender IP: 192.168.1.102
		Dest IP: 69.226.92.70

Packet number: 163  Packet Len: 71

	Ethernet Header
		Dest MAC: 0:6:25:78:c4:7d
		Source MAC: 0:2:2d:90:75:89
		Type: IP

	IP Header
		IP PDU Len: 57
		Header Len (bytes): 20
		TTL: 128
		Protocol: UDP
		Checksum: Correct (0x51a2)
		Sender IP: 192.168.1.102
		Dest IP: 64.166.172.8

Packet number: 164  Packet Len: 297

	Ethernet Header
		Dest MAC: 0:2:2d:90:75:89
		Source MAC: 0:6:25:78:c4:7d
		Type: IP

	IP Header
		IP PDU Len: 283
		Header Len (bytes): 20
		TTL: 253
		Protocol: UDP
		Checksum: Correct (0xf78c)
		Sender IP: 64.166.172.8
		Dest IP: 192.168.1.102

Packet number: 165  Packet Len: 62

	Ethernet Header
		Dest MAC: 0:6:25:78:c4:7d
		Source MAC: 0:2:2d:90:75:89
		Type: IP

	IP Header
		IP PDU Len: 48
		Header Len (bytes): 20
		TTL: 128
		Protocol: TCP
		Checksum: Correct (0x7d0c)
		Sender IP: 192.168.1.102
		Dest IP: 207.68.178.16

Packet number: 166  Packet Len: 60

	Ethernet Header
		Dest MAC: 0:2:2d:90:75:89
		Source MAC: 0:6:25:78:c4:7d
		Type: IP

	IP Header
		IP PDU Len: 44
		Header Len (bytes): 20
		TTL: 238
		Protocol: TCP
		Checksum: Correct (0x22e3)
		Sender IP: 207.68.178.16
		Dest IP: 192.168.1.102

Packet number: 167  Packet Len: 54

	Ethernet Header
		Dest MAC: 0:6:25:78:c4:7d
		Source MAC: 0:2:2d:90:75:89
		Type: IP

	IP Header
		IP PDU Len: 40
		Header Len (bytes): 20
		TTL: 128
		Protocol: TCP
		Checksum: Correct (0x7d13)
		Sender IP: 192.168.1.102
		Dest IP: 207.68.178.16

Packet number: 168  Packet Len: 823

	Ethernet Header
		Dest MAC: 0:6:25:78:c4:7d
		Source MAC: 0:2:2d:90:75:89
		Type: IP

	IP Header
		IP PDU Len: 809
		Header Len (bytes): 20
		TTL: 128
		Protocol: TCP
		Checksum: Correct (0x7a11)
		Sender IP: 192.168.1.102
		Dest IP: 207.68.178.16

Packet number: 169  Packet Len: 471

	Ethernet Header
		Dest MAC: 0:2:2d:90:75:89
		Source MAC: 0:6:25:78:c4:7d
		Type: IP

	IP Header
		IP PDU Len: 457
		Header Len (bytes): 20
		TTL: 111
		Protocol: TCP
		Checksum: Correct (0x0342)
		Sender IP: 207.68.178.16
		Dest IP: 192.168.1.102

Packet number: 170  Packet Len: 54

	Ethernet Header
		Dest MAC: 0:6:25:78:c4:7d
		Source MAC: 0:2:2d:90:75:89
		Type: IP

	IP Header
		IP PDU Len: 40
		Header Len (bytes): 20
		TTL: 128
		Protocol: TCP
		Checksum: Correct (0x7d0f)
		Sender IP: 192.168.1.102
		Dest IP: 207.68.178.16

Packet number: 171  Packet Len: 841

	Ethernet Header
		Dest MAC: 0:6:25:78:c4:7d
		Source MAC: 0:2:2d:90:75:89
		Type: IP

	IP Header
		IP PDU Len: 827
		Header Len (bytes): 20
		TTL: 128
		Protocol: TCP
		Checksum: Correct (0x5926)
		Sender IP: 192.168.1.102
		Dest IP: 69.226.92.70

Packet number: 172  Packet Len: 898

	Ethernet Header
		Dest MAC: 0:6:25:78:c4:7d
		Source MAC: 0:2:2d:90:75:89
		Type: IP

	IP Header
		IP PDU Len: 884
		Header Len (bytes): 20
		TTL: 128
		Protocol: TCP
		Checksum: Correct (0x58e8)
		Sender IP: 192.168.1.102
		Dest IP: 69.226.92.70

Packet number: 173  Packet Len: 1136

	Ethernet Header
		Dest MAC: 0:6:25:78:c4:7d
		Source MAC: 0:2:2d:90:75:89
		Type: IP

	IP Header
		IP PDU Len: 1122
		Header Len (bytes): 20
		TTL: 128
		Protocol: TCP
		Checksum: Correct (0x94bf)
		Sender IP: 192.168.1.102
		Dest IP: 207.46.150.51

Packet number: 174  Packet Len: 283

	Ethernet Header
		Dest MAC: 0:2:2d:90:75:89
		Source MAC: 0:6:25:78:c4:7d
		Type: IP

	IP Header
		IP PDU Len: 269
		Header Len (bytes): 20
		TTL: 56
		Protocol: TCP
		Checksum: Correct (0xb8c3)
		Sender IP: 69.226.92.70
		Dest IP: 192.168.1.102

Packet number: 175  Packet Len: 243

	Ethernet Header
		Dest MAC: 0:2:2d:90:75:89
		Source MAC: 0:6:25:78:c4:7d
		Type: IP

	IP Header
		IP PDU Len: 229
		Header Len (bytes): 20
		TTL: 56
		Protocol: TCP
		Checksum: Correct (0x939a)
		Sender IP: 69.226.92.70
		Dest IP: 192.168.1.102

Packet number: 176  Packet Len: 54

	Ethernet Header
		Dest MAC: 0:6:25:78:c4:7d
		Source MAC: 0:2:2d:90:75:89
		Type: IP

	IP Header
		IP PDU Len: 40
		Header Len (bytes): 20
		TTL: 128
		Protocol: TCP
		Checksum: Correct (0x5c2e)
		Sender IP: 192.168.1.102
		Dest IP: 69.226.92.70

Packet number: 177  Packet Len: 1357

	Ethernet Header
		Dest MAC: 0:2:2d:90:75:89
		Source MAC: 0:6:25:78:c4:7d
		Type: IP

	IP Header
		IP PDU Len: 1343
		Header Len (bytes): 20
		TTL: 239
		Protocol: TCP
		Checksum: Correct (0x8bec)
		Sender IP: 207.46.150.51
		Dest IP: 192.168.1.102

Packet number: 178  Packet Len: 1506

	Ethernet Header
		Dest MAC: 0:2:2d:90:75:89
		Source MAC: 0:6:25:78:c4:7d
		Type: IP

	IP Header
		IP PDU Len: 1492
		Header Len (bytes): 20
		TTL: 239
		Protocol: TCP
		Checksum: Correct (0x8b51)
		Sender IP: 207.46.150.51
		Dest IP: 192.168.1.102

Packet number: 179  Packet Len: 54

	Ethernet Header
		Dest MAC: 0:6:25:78:c4:7d
		Source MAC: 0:2:2d:90:75:89
		Type: IP

	IP Header
		IP PDU Len: 40
		Header Len (bytes): 20
		TTL: 128
		Protocol: TCP
		Checksum: Correct (0x98f3)
		Sender IP: 192.168.1.102
		Dest IP: 207.46.150.51

Packet number: 180  Packet Len: 54

	Ethernet Header
		Dest MAC: 0:6:25:78:c4:7d
		Source MAC: 0:2:2d:90:75:89
		Type: IP

	IP Header
		IP PDU Len: 40
		Header Len (bytes): 20
		TTL: 128
		Protocol: TCP
		Checksum: Correct (0x5c2c)
		Sender IP: 192.168.1.102
		Dest IP: 69.226.92.70

Packet number: 181  Packet Len: 849

	Ethernet Header
		Dest MAC: 0:6:25:78:c4:7d
		Source MAC: 0:2:2d:90:75:89
		Type: IP

	IP Header
		IP PDU Len: 835
		Header Len (bytes): 20
		TTL: 128
		Protocol: TCP
		Checksum: Correct (0x590e)
		Sender IP: 192.168.1.102
		Dest IP: 69.226.92.70

Packet number: 182  Packet Len: 1042

	Ethernet Header
		Dest MAC: 0:2:2d:90:75:89
		Source MAC: 0:6:25:78:c4:7d
		Type: IP

	IP Header
		IP PDU Len: 1028
		Header Len (bytes): 20
		TTL: 239
		Protocol: TCP
		Checksum: Correct (0x8951)
		Sender IP: 207.46.150.51
		Dest IP: 192.168.1.102

Packet number: 183  Packet Len: 1063

	Ethernet Header
		Dest MAC: 0:2:2d:90:75:89
		Source MAC: 0:6:25:78:c4:7d
		Type: IP

	IP Header
		IP PDU Len: 1049
		Header Len (bytes): 20
		TTL: 56
		Protocol: TCP
		Checksum: Correct (0xb5b6)
		Sender IP: 69.226.92.70
		Dest IP: 192.168.1.102

Packet number: 184  Packet Len: 54

	Ethernet Header
		Dest MAC: 0:6:25:78:c4:7d
		Source MAC: 0:2:2d:90:75:89
		Type: IP

	IP Header
		IP PDU Len: 40
		Header Len (bytes): 20
		TTL: 128
		Protocol: TCP
		Checksum: Correct (0x5c24)
		Sender IP: 192.168.1.102
		Dest IP: 69.226.92.70

Packet number: 185  Packet Len: 54

	Ethernet Header
		Dest MAC: 0:6:25:78:c4:7d
		Source MAC: 0:2:2d:90:75:89
		Type: IP

	IP Header
		IP PDU Len: 40
		Header Len (bytes): 20
		TTL: 128
		Protocol: TCP
		Checksum: Correct (0x98e9)
		Sender IP: 192.168.1.102
		Dest IP: 207.46.150.51

Packet number: 186  Packet Len: 1178

	Ethernet Header
		Dest MAC: 0:6:25:78:c4:7d
		Source MAC: 0:2:2d:90:75:89
		Type: IP

	IP Header
		IP PDU Len: 1164
		Header Len (bytes): 20
		TTL: 128
		Protocol: TCP
		Checksum: Correct (0x9480)
		Sender IP: 192.168.1.102
		Dest IP: 207.46.150.51

Packet number: 187  Packet Len: 1043

	Ethernet Header
		Dest MAC: 0:2:2d:90:75:89
		Source MAC: 0:6:25:78:c4:7d
		Type: IP

	IP Header
		IP PDU Len: 1029
		Header Len (bytes): 20
		TTL: 239
		Protocol: TCP
		Checksum: Correct (0x5575)
		Sender IP: 207.46.150.51
		Dest IP: 192.168.1.102

Packet number: 188  Packet Len: 54

	Ethernet Header
		Dest MAC: 0:6:25:78:c4:7d
		Source MAC: 0:2:2d:90:75:89
		Type: IP

	IP Header
		IP PDU Len: 40
		Header Len (bytes): 20
		TTL: 128
		Protocol: TCP
		Checksum: Correct (0x98e3)
		Sender IP: 192.168.1.102
		Dest IP: 207.46.150.51

Packet number: 189  Packet Len: 573

	Ethernet Header
		Dest MAC: 0:2:2d:90:75:89
		Source MAC: 0:6:25:78:c4:7d
		Type: IP

	IP Header
		IP PDU Len: 559
		Header Len (bytes): 20
		TTL: 239
		Protocol: TCP
		Checksum: Correct (0x4eb2)
		Sender IP: 207.46.150.51
		Dest IP: 192.168.1.102

Packet number: 190  Packet Len: 883

	Ethernet Header
		Dest MAC: 0:6:25:78:c4:7d
		Source MAC: 0:2:2d:90:75:89
		Type: IP

	IP Header
		IP PDU Len: 869
		Header Len (bytes): 20
		TTL: 128
		Protocol: TCP
		Checksum: Correct (0x58db)
		Sender IP: 192.168.1.102
		Dest IP: 69.226.92.70

Packet number: 191  Packet Len: 54

	Ethernet Header
		Dest MAC: 0:6:25:78:c4:7d
		Source MAC: 0:2:2d:90:75:89
		Type: IP

	IP Header
		IP PDU Len: 40
		Header Len (bytes): 20
		TTL: 128
		Protocol: TCP
		Checksum: Correct (0x98dd)
		Sender IP: 192.168.1.102
		Dest IP: 207.46.150.51

Packet number: 192  Packet Len: 283

	Ethernet Header
		Dest MAC: 0:2:2d:90:75:89
		Source MAC: 0:6:25:78:c4:7d
		Type: IP

	IP Header
		IP PDU Len: 269
		Header Len (bytes): 20
		TTL: 56
		Protocol: TCP
		Checksum: Correct (0x9371)
		Sender IP: 69.226.92.70
		Dest IP: 192.168.1.102

Packet number: 193  Packet Len: 54

	Ethernet Header
		Dest MAC: 0:6:25:78:c4:7d
		Source MAC: 0:2:2d:90:75:89
		Type: IP

	IP Header
		IP PDU Len: 40
		Header Len (bytes): 20
		TTL: 128
		Protocol: TCP
		Checksum: Correct (0x5c14)
		Sender IP: 192.168.1.102
		Dest IP: 69.226.92.70

Packet number: 194  Packet Len: 846

	Ethernet Header
		Dest MAC: 0:6:25:78:c4:7d
		Source MAC: 0:2:2d:90:75:89
		Type: IP

	IP Header
		IP PDU Len: 832
		Header Len (bytes): 20
		TTL: 128
		Protocol: TCP
		Checksum: Correct (0x58f9)
		Sender IP: 192.168.1.102
		Dest IP: 69.226.92.70

Packet number: 195  Packet Len: 852

	Ethernet Header
		Dest MAC: 0:6:25:78:c4:7d
		Source MAC: 0:2:2d:90:75:89
		Type: IP

	IP Header
		IP PDU Len: 838
		Header Len (bytes): 20
		TTL: 128
		Protocol: TCP
		Checksum: Correct (0x58f0)
		Sender IP: 192.168.1.102
		Dest IP: 69.226.92.70

Packet number: 196  Packet Len: 283

	Ethernet Header
		Dest MAC: 0:2:2d:90:75:89
		Source MAC: 0:6:25:78:c4:7d
		Type: IP

	IP Header
		IP PDU Len: 269
		Header Len (bytes): 20
		TTL: 56
		Protocol: TCP
		Checksum: Correct (0xb8c1)
		Sender IP: 69.226.92.70
		Dest IP: 192.168.1.102

Packet number: 197  Packet Len: 866

	Ethernet Header
		Dest MAC: 0:6:25:78:c4:7d
		Source MAC: 0:2:2d:90:75:89
		Type: IP

	IP Header
		IP PDU Len: 852
		Header Len (bytes): 20
		TTL: 128
		Protocol: TCP
		Checksum: Correct (0x58d9)
		Sender IP: 192.168.1.102
		Dest IP: 69.226.92.70

Packet number: 198  Packet Len: 284

	Ethernet Header
		Dest MAC: 0:2:2d:90:75:89
		Source MAC: 0:6:25:78:c4:7d
		Type: IP

	IP Header
		IP PDU Len: 270
		Header Len (bytes): 20
		TTL: 56
		Protocol: TCP
		Checksum: Correct (0x936f)
		Sender IP: 69.226.92.70
		Dest IP: 192.168.1.102

Packet number: 199  Packet Len: 876

	Ethernet Header
		Dest MAC: 0:6:25:78:c4:7d
		Source MAC: 0:2:2d:90:75:89
		Type: IP

	IP Header
		IP PDU Len: 862
		Header Len (bytes): 20
		TTL: 128
		Protocol: TCP
		Checksum: Correct (0x58cc)
		Sender IP: 192.168.1.102
		Dest IP: 69.226.92.70

Packet number: 200  Packet Len: 284

	Ethernet Header
		Dest MAC: 0:2:2d:90:75:89
		Source MAC: 0:6:25:78:c4:7d
		Type: IP

	IP Header
		IP PDU Len: 270
		Header Len (bytes): 20
		TTL: 56
		Protocol: TCP
		Checksum: Correct (0xb8bf)
		Sender IP: 69.226.92.70
		Dest IP: 192.168.1.102

Packet number: 201  Packet Len: 829

	Ethernet Header
		Dest MAC: 0:6:25:78:c4:7d
		Source MAC: 0:2:2d:90:75:89
		Type: IP

	IP Header
		IP PDU Len: 815
		Header Len (bytes): 20
		TTL: 128
		Protocol: TCP
		Checksum: Correct (0x58f8)
		Sender IP: 192.168.1.102
		Dest IP: 69.226.92.70

Packet number: 202  Packet Len: 283

	Ethernet Header
		Dest MAC: 0:2:2d:90:75:89
		Source MAC: 0:6:25:78:c4:7d
		Type: IP

	IP Header
		IP PDU Len: 269
		Header Len (bytes): 20
		TTL: 56
		Protocol: TCP
		Checksum: Correct (0x936f)
		Sender IP: 69.226.92.70
		Dest IP: 192.168.1.102

Packet number: 203  Packet Len: 297

	Ethernet Header
		Dest MAC: 0:2:2d:90:75:89
		Source MAC: 0:6:25:78:c4:7d
		Type: IP

	IP Header
		IP PDU Len: 283
		Header Len (bytes): 20
		TTL: 56
		Protocol: TCP
		Checksum: Correct (0xb8b1)
		Sender IP: 69.226.92.70
		Dest IP: 192.168.1.102

Packet number: 204  Packet Len: 54

	Ethernet Header
		Dest MAC: 0:6:25:78:c4:7d
		Source MAC: 0:2:2d:90:75:89
		Type: IP

	IP Header
		IP PDU Len: 40
		Header Len (bytes): 20
		TTL: 128
		Protocol: TCP
		Checksum: Correct (0x5bfa)
		Sender IP: 192.168.1.102
		Dest IP: 69.226.92.70

Packet number: 205  Packet Len: 54

	Ethernet Header
		Dest MAC: 0:6:25:78:c4:7d
		Source MAC: 0:2:2d:90:75:89
		Type: IP

	IP Header
		IP PDU Len: 40
		Header Len (bytes): 20
		TTL: 128
		Protocol: TCP
		Checksum: Correct (0x5bf9)
		Sender IP: 192.168.1.102
		Dest IP: 69.226.92.70

Packet number: 206  Packet Len: 908

	Ethernet Header
		Dest MAC: 0:6:25:78:c4:7d
		Source MAC: 0:2:2d:90:75:89
		Type: IP

	IP Header
		IP PDU Len: 894
		Header Len (bytes): 20
		TTL: 128
		Protocol: TCP
		Checksum: Correct (0x58a0)
		Sender IP: 192.168.1.102
		Dest IP: 69.226.92.70

Packet number: 207  Packet Len: 284

	Ethernet Header
		Dest MAC: 0:2:2d:90:75:89
		Source MAC: 0:6:25:78:c4:7d
		Type: IP

	IP Header
		IP PDU Len: 270
		Header Len (bytes): 20
		TTL: 56
		Protocol: TCP
		Checksum: Correct (0x936d)
		Sender IP: 69.226.92.70
		Dest IP: 192.168.1.102

Packet number: 208  Packet Len: 54

	Ethernet Header
		Dest MAC: 0:6:25:78:c4:7d
		Source MAC: 0:2:2d:90:75:89
		Type: IP

	IP Header
		IP PDU Len: 40
		Header Len (bytes): 20
		TTL: 128
		Protocol: TCP
		Checksum: Correct (0x5bf3)
		Sender IP: 192.168.1.102
		Dest IP: 69.226.92.70

Packet number: 209  Packet Len: 54

	Ethernet Header
		Dest MAC: 0:6:25:78:c4:7d
		Source MAC: 0:2:2d:90:75:89
		Type: IP

	IP Header
		IP PDU Len: 40
		Header Len (bytes): 20
		TTL: 128
		Protocol: TCP
		Checksum: Correct (0x5bec)
		Sender IP: 192.168.1.102
		Dest IP: 69.226.92.70

Packet number: 210  Packet Len: 54

	Ethernet Header
		Dest MAC: 0:6:25:78:c4:7d
		Source MAC: 0:2:2d:90:75:89
		Type: IP

	IP Header
		IP PDU Len: 40
		Header Len (bytes): 20
		TTL: 128
		Protocol: TCP
		Checksum: Correct (0x5beb)
		Sender IP: 192.168.1.102
		Dest IP: 69.226.92.70

Packet number: 211  Packet Len: 54

	Ethernet Header
		Dest MAC: 0:6:25:78:c4:7d
		Source MAC: 0:2:2d:90:75:89
		Type: IP

	IP Header
		IP PDU Len: 40
		Header Len (bytes): 20
		TTL: 128
		Protocol: TCP
		Checksum: Correct (0x98b0)
		Sender IP: 192.168.1.102
		Dest IP: 207.46.150.51

Packet number: 212  Packet Len: 54

	Ethernet Header
		Dest MAC: 0:6:25:78:c4:7d
		Source MAC: 0:2:2d:90:75:89
		Type: IP

	IP Header
		IP PDU Len: 40
		Header Len (bytes): 20
		TTL: 128
		Protocol: TCP
		Checksum: Correct (0x7cbc)
		Sender IP: 192.168.1.102
		Dest IP: 207.68.178.16

Packet number: 213  Packet Len: 54

	Ethernet Header
		Dest MAC: 0:6:25:78:c4:7d
		Source MAC: 0:2:2d:90:75:89
		Type: IP

	IP Header
		IP PDU Len: 40
		Header Len (bytes): 20
		TTL: 128
		Protocol: TCP
		Checksum: Correct (0x98ae)
		Sender IP: 192.168.1.102
		Dest IP: 207.46.150.51

Packet number: 214  Packet Len: 54

	Ethernet Header
		Dest MAC: 0:6:25:78:c4:7d
		Source MAC: 0:2:2d:90:75:89
		Type: IP

	IP Header
		IP PDU Len: 40
		Header Len (bytes): 20
		TTL: 128
		Protocol: TCP
		Checksum: Correct (0x39a3)
		Sender IP: 192.168.1.102
		Dest IP: 207.46.245.61

Packet number: 215  Packet Len: 60

	Ethernet Header
		Dest MAC: 0:2:2d:90:75:89
		Source MAC: 0:6:25:78:c4:7d
		Type: IP

	IP Header
		IP PDU Len: 40
		Header Len (bytes): 20
		TTL: 56
		Protocol: TCP
		Checksum: Correct (0x9452)
		Sender IP: 69.226.92.70
		Dest IP: 192.168.1.102

Packet number: 216  Packet Len: 54

	Ethernet Header
		Dest MAC: 0:6:25:78:c4:7d
		Source MAC: 0:2:2d:90:75:89
		Type: IP

	IP Header
		IP PDU Len: 40
		Header Len (bytes): 20
		TTL: 128
		Protocol: TCP
		Checksum: Correct (0x5be4)
		Sender IP: 192.168.1.102
		Dest IP: 69.226.92.70

Packet number: 217  Packet Len: 60

	Ethernet Header
		Dest MAC: 0:2:2d:90:75:89
		Source MAC: 0:6:25:78:c4:7d
		Type: IP

	IP Header
		IP PDU Len: 40
		Header Len (bytes): 20
		TTL: 56
		Protocol: TCP
		Checksum: Correct (0xb9a3)
		Sender IP: 69.226.92.70
		Dest IP: 192.168.1.102

Packet number: 218  Packet Len: 54

	Ethernet Header
		Dest MAC: 0:6:25:78:c4:7d
		Source MAC: 0:2:2d:90:75:89
		Type: IP

	IP Header
		IP PDU Len: 40
		Header Len (bytes): 20
		TTL: 128
		Protocol: TCP
		Checksum: Correct (0x5be3)
		Sender IP: 192.168.1.102
		Dest IP: 69.226.92.70

Packet number: 219  Packet Len: 60

	Ethernet Header
		Dest MAC: 0:2:2d:90:75:89
		Source MAC: 0:6:25:78:c4:7d
		Type: IP

	IP Header
		IP PDU Len: 40
		Header Len (bytes): 20
		TTL: 238
		Protocol: TCP
		Checksum: Correct (0x125e)
		Sender IP: 207.68.178.16
		Dest IP: 192.168.1.102

Packet number: 220  Packet Len: 54

	Ethernet Header
		Dest MAC: 0:6:25:78:c4:7d
		Source MAC: 0:2:2d:90:75:89
		Type: IP

	IP Header
		IP PDU Len: 40
		Header Len (bytes): 20
		TTL: 128
		Protocol: TCP
		Checksum: Correct (0x7cb5)
		Sender IP: 192.168.1.102
		Dest IP: 207.68.178.16

Packet number: 221  Packet Len: 60

	Ethernet Header
		Dest MAC: 0:2:2d:90:75:89
		Source MAC: 0:6:25:78:c4:7d
		Type: IP

	IP Header
		IP PDU Len: 40
		Header Len (bytes): 20
		TTL: 239
		Protocol: TCP
		Checksum: Correct (0xf691)
		Sender IP: 207.46.150.51
		Dest IP: 192.168.1.102

Packet number: 222  Packet Len: 60

	Ethernet Header
		Dest MAC: 0:2:2d:90:75:89
		Source MAC: 0:6:25:78:c4:7d
		Type: IP

	IP Header
		IP PDU Len: 40
		Header Len (bytes): 20
		TTL: 239
		Protocol: TCP
		Checksum: Correct (0xf690)
		Sender IP: 207.46.150.51
		Dest IP: 192.168.1.102

Packet number: 223  Packet Len: 54

	Ethernet Header
		Dest MAC: 0:6:25:78:c4:7d
		Source MAC: 0:2:2d:90:75:89
		Type: IP

	IP Header
		IP PDU Len: 40
		Header Len (bytes): 20
		TTL: 128
		Protocol: TCP
		Checksum: Correct (0x98a7)
		Sender IP: 192.168.1.102
		Dest IP: 207.46.150.51

Packet number: 224  Packet Len: 60

	Ethernet Header
		Dest MAC: 0:2:2d:90:75:89
		Source MAC: 0:6:25:78:c4:7d
		Type: IP

	IP Header
		IP PDU Len: 40
		Header Len (bytes): 20
		TTL: 239
		Protocol: TCP
		Checksum: Correct (0xf656)
		Sender IP: 207.46.150.51
		Dest IP: 192.168.1.102

Packet number: 225  Packet Len: 60

	Ethernet Header
		Dest MAC: 0:2:2d:90:75:89
		Source MAC: 0:6:25:78:c4:7d
		Type: IP

	IP Header
		IP PDU Len: 40
		Header Len (bytes): 20
		TTL: 239
		Protocol: TCP
		Checksum: Correct (0xf655)
		Sender IP: 207.46.150.51
		Dest IP: 192.168.1.102

Packet number: 226  Packet Len: 54

	Ethernet Header
		Dest MAC: 0:6:25:78:c4:7d
		Source MAC: 0:2:2d:90:75:89
		Type: IP

	IP Header
		IP PDU Len: 40
		Header Len (bytes): 20
		TTL: 128
		Protocol: TCP
		Checksum: Correct (0x98a6)
		Sender IP: 192.168.1.102
		Dest IP: 207.46.150.51

Packet number: 227  Packet Len: 60

	Ethernet Header
		Dest MAC: 0:2:2d:90:75:89
		Source MAC: 0:6:25:78:c4:7d
		Type: IP

	IP Header
		IP PDU Len: 40
		Header Len (bytes): 20
		TTL: 238
		Protocol: TCP
		Checksum: Correct (0x0379)
		Sender IP: 207.46.245.61
		Dest IP: 192.168.1.102

Packet number: 228  Packet Len: 60

	Ethernet Header
		Dest MAC: 0:2:2d:90:75:89
		Source MAC: 0:6:25:78:c4:7d
		Type: IP

	IP Header
		IP PDU Len: 40
		Header Len (bytes): 20
		TTL: 238
		Protocol: TCP
		Checksum: Correct (0x0378)
		Sender IP: 207.46.245.61
		Dest IP: 192.168.1.102

Packet number: 229  Packet Len: 54

	Ethernet Header
		Dest MAC: 0:6:25:78:c4:7d
		Source MAC: 0:2:2d:90:75:89
		Type: IP

	IP Header
		IP PDU Len: 40
		Header Len (bytes): 20
		TTL: 128
		Protocol: TCP
		Checksum: Correct (0x399b)
		Sender IP: 192.168.1.102
		Dest IP: 207.46.245.61
