
Packet number: 1  Packet Len: 79

	Ethernet Header
		Dest MAC: 0:6:25:78:c4:7d
		Source MAC: 0:2:2d:90:75:89
		Type: IP

	IP Header
		IP PDU Len: 65
		Header Len (bytes): 28
		TTL: 128
		Protocol: UDP
		Checksum: Correct (0x061b)
		Sender IP: 192.168.1.102
		Dest IP: 64.166.172.8


Packet number: 2  Packet Len: 71

	Ethernet Header
		Dest MAC: 0:6:25:78:c4:7d
		Source MAC: 0:2:2d:90:75:89
		Type: IP

	IP Header
		IP PDU Len: 57
		Header Len (bytes): 20
		TTL: 128
		Protocol: UDP
		Checksum: Correct (0x52bf)
		Sender IP: 192.168.1.102
		Dest IP: 206.13.29.12


Packet number: 3  Packet Len: 430

	Ethernet Header
		Dest MAC: 0:2:2d:90:75:89
		Source MAC: 0:6:25:78:c4:7d
		Type: IP

	IP Header
		IP PDU Len: 416
		Header Len (bytes): 28
		TTL: 247
		Protocol: UDP
		Checksum: Correct (0x7246)
		Sender IP: 206.13.29.12
		Dest IP: 192.168.1.102


Packet number: 4  Packet Len: 74

	Ethernet Header
		Dest MAC: 0:6:25:78:c4:7d
		Source MAC: 0:2:2d:90:75:89
		Type: IP

	IP Header
		IP PDU Len: 60
		Header Len (bytes): 20
		TTL: 128
		Protocol: ICMP
		Checksum: Correct (0x9bd3)
		Sender IP: 192.168.1.102
		Dest IP: 69.226.92.47


Packet number: 5  Packet Len: 82

	Ethernet Header
		Dest MAC: 0:2:2d:90:75:89
		Source MAC: 0:6:25:78:c4:7d
		Type: IP

	IP Header
		IP PDU Len: 68
		Header Len (bytes): 28
		TTL: 56
		Protocol: ICMP
		Checksum: Correct (0xc285)
		Sender IP: 69.226.92.47
		Dest IP: 192.168.1.102


Packet number: 6  Packet Len: 74

	Ethernet Header
		Dest MAC: 0:6:25:78:c4:7d
		Source MAC: 0:2:2d:90:75:89
		Type: IP

	IP Header
		IP PDU Len: 60
		Header Len (bytes): 20
		TTL: 128
		Protocol: ICMP
		Checksum: Correct (0x9bd2)
		Sender IP: 192.168.1.102
		Dest IP: 69.226.92.47


Packet number: 7  Packet Len: 82

	Ethernet Header
		Dest MAC: 0:2:2d:90:75:89
		Source MAC: 0:6:25:78:c4:7d
		Type: IP

	IP Header
		IP PDU Len: 68
		Header Len (bytes): 28
		TTL: 56
		Protocol: ICMP
		Checksum: Correct (0xc284)
		Sender IP: 69.226.92.47
		Dest IP: 192.168.1.102


Packet number: 8  Packet Len: 71

	Ethernet Header
		Dest MAC: 0:6:25:78:c4:7d
		Source MAC: 0:2:2d:90:75:89
		Type: IP

	IP Header
		IP PDU Len: 57
		Header Len (bytes): 20
		TTL: 128
		Protocol: UDP
		Checksum: Correct (0x52bc)
		Sender IP: 192.168.1.102
		Dest IP: 206.13.29.12


Packet number: 9  Packet Len: 261

	Ethernet Header
		Dest MAC: 0:2:2d:90:75:89
		Source MAC: 0:6:25:78:c4:7d
		Type: IP

	IP Header
		IP PDU Len: 247
		Header Len (bytes): 28
		TTL: 247
		Protocol: UDP
		Checksum: Correct (0x68a3)
		Sender IP: 206.13.29.12
		Dest IP: 192.168.1.102


Packet number: 10  Packet Len: 74

	Ethernet Header
		Dest MAC: 0:6:25:78:c4:7d
		Source MAC: 0:2:2d:90:75:89
		Type: IP

	IP Header
		IP PDU Len: 60
		Header Len (bytes): 20
		TTL: 128
		Protocol: ICMP
		Checksum: Correct (0xf131)
		Sender IP: 192.168.1.102
		Dest IP: 199.181.132.250


Packet number: 11  Packet Len: 82

	Ethernet Header
		Dest MAC: 0:2:2d:90:75:89
		Source MAC: 0:6:25:78:c4:7d
		Type: IP

	IP Header
		IP PDU Len: 68
		Header Len (bytes): 28
		TTL: 111
		Protocol: ICMP
		Checksum: Correct (0xd634)
		Sender IP: 199.181.132.250
		Dest IP: 192.168.1.102


Packet number: 12  Packet Len: 74

	Ethernet Header
		Dest MAC: 0:6:25:78:c4:7d
		Source MAC: 0:2:2d:90:75:89
		Type: IP

	IP Header
		IP PDU Len: 60
		Header Len (bytes): 20
		TTL: 128
		Protocol: ICMP
		Checksum: Correct (0xf130)
		Sender IP: 192.168.1.102
		Dest IP: 199.181.132.250


Packet number: 13  Packet Len: 82

	Ethernet Header
		Dest MAC: 0:2:2d:90:75:89
		Source MAC: 0:6:25:78:c4:7d
		Type: IP

	IP Header
		IP PDU Len: 68
		Header Len (bytes): 28
		TTL: 111
		Protocol: ICMP
		Checksum: Correct (0xd5ec)
		Sender IP: 199.181.132.250
		Dest IP: 192.168.1.102


Packet number: 14  Packet Len: 74

	Ethernet Header
		Dest MAC: 0:6:25:78:c4:7d
		Source MAC: 0:2:2d:90:75:89
		Type: IP

	IP Header
		IP PDU Len: 60
		Header Len (bytes): 20
		TTL: 128
		Protocol: ICMP
		Checksum: Correct (0xf12f)
		Sender IP: 192.168.1.102
		Dest IP: 199.181.132.250


Packet number: 15  Packet Len: 82

	Ethernet Header
		Dest MAC: 0:2:2d:90:75:89
		Source MAC: 0:6:25:78:c4:7d
		Type: IP

	IP Header
		IP PDU Len: 68
		Header Len (bytes): 28
		TTL: 111
		Protocol: ICMP
		Checksum: Correct (0xd5ac)
		Sender IP: 199.181.132.250
		Dest IP: 192.168.1.102


Packet number: 16  Packet Len: 74

	Ethernet Header
		Dest MAC: 0:6:25:78:c4:7d
		Source MAC: 0:2:2d:90:75:89
		Type: IP

	IP Header
		IP PDU Len: 60
		Header Len (bytes): 20
		TTL: 128
		Protocol: ICMP
		Checksum: Correct (0xf12e)
		Sender IP: 192.168.1.102
		Dest IP: 199.181.132.250


Packet number: 17  Packet Len: 82

	Ethernet Header
		Dest MAC: 0:2:2d:90:75:89
		Source MAC: 0:6:25:78:c4:7d
		Type: IP

	IP Header
		IP PDU Len: 68
		Header Len (bytes): 28
		TTL: 111
		Protocol: ICMP
		Checksum: Correct (0xd575)
		Sender IP: 199.181.132.250
		Dest IP: 192.168.1.102


Packet number: 18  Packet Len: 92

	Ethernet Header
		Dest MAC: ff:ff:ff:ff:ff:ff
		Source MAC: 0:b:7d:9:dc:6
		Type: IP

	IP Header
		IP PDU Len: 78
		Header Len (bytes): 20
		TTL: 128
		Protocol: UDP
		Checksum: Correct (0xb9db)
		Sender IP: 192.168.1.103
		Dest IP: 192.168.1.255


Packet number: 19  Packet Len: 60

	Ethernet Header
		Dest MAC: ff:ff:ff:ff:ff:ff
		Source MAC: 0:20:18:dc:ae:ab
		Type: ARP

	ARP header
		Opcode: Request
		Sender MAC: 0:20:18:dc:ae:ab
		Sender IP: 192.168.1.105
		Target MAC: 0:0:0:0:0:0
		Target IP: 192.168.1.103


Packet number: 20  Packet Len: 84

	Ethernet Header
		Dest MAC: 0:6:25:78:c4:7d
		Source MAC: 0:2:2d:90:75:89
		Type: IP

	IP Header
		IP PDU Len: 70
		Header Len (bytes): 20
		TTL: 128
		Protocol: UDP
		Checksum: Correct (0x52aa)
		Sender IP: 192.168.1.102
		Dest IP: 206.13.29.12


Packet number: 21  Packet Len: 188

	Ethernet Header
		Dest MAC: 0:2:2d:90:75:89
		Source MAC: 0:6:25:78:c4:7d
		Type: IP

	IP Header
		IP PDU Len: 174
		Header Len (bytes): 28
		TTL: 247
		Protocol: UDP
		Checksum: Correct (0x65f7)
		Sender IP: 206.13.29.12
		Dest IP: 192.168.1.102


Packet number: 22  Packet Len: 62

	Ethernet Header
		Dest MAC: 0:6:25:78:c4:7d
		Source MAC: 0:2:2d:90:75:89
		Type: IP

	IP Header
		IP PDU Len: 48
		Header Len (bytes): 20
		TTL: 128
		Protocol: TCP
		Checksum: Correct (0xd557)
		Sender IP: 192.168.1.102
		Dest IP: 66.212.229.183


Packet number: 23  Packet Len: 68

	Ethernet Header
		Dest MAC: 0:2:2d:90:75:89
		Source MAC: 0:6:25:78:c4:7d
		Type: IP

	IP Header
		IP PDU Len: 52
		Header Len (bytes): 28
		TTL: 237
		Protocol: TCP
		Checksum: Correct (0xee27)
		Sender IP: 66.212.229.183
		Dest IP: 192.168.1.102


Packet number: 24  Packet Len: 54

	Ethernet Header
		Dest MAC: 0:6:25:78:c4:7d
		Source MAC: 0:2:2d:90:75:89
		Type: IP

	IP Header
		IP PDU Len: 40
		Header Len (bytes): 20
		TTL: 128
		Protocol: TCP
		Checksum: Correct (0xd55e)
		Sender IP: 192.168.1.102
		Dest IP: 66.212.229.183


Packet number: 25  Packet Len: 152

	Ethernet Header
		Dest MAC: 0:6:25:78:c4:7d
		Source MAC: 0:2:2d:90:75:89
		Type: IP

	IP Header
		IP PDU Len: 138
		Header Len (bytes): 28
		TTL: 128
		Protocol: TCP
		Checksum: Correct (0x89f3)
		Sender IP: 192.168.1.102
		Dest IP: 66.212.229.183


Packet number: 26  Packet Len: 60

	Ethernet Header
		Dest MAC: 0:2:2d:90:75:89
		Source MAC: 0:6:25:78:c4:7d
		Type: IP

	IP Header
		IP PDU Len: 40
		Header Len (bytes): 20
		TTL: 44
		Protocol: TCP
		Checksum: Correct (0x3dca)
		Sender IP: 66.212.229.183
		Dest IP: 192.168.1.102


Packet number: 27  Packet Len: 1000

	Ethernet Header
		Dest MAC: 0:2:2d:90:75:89
		Source MAC: 0:6:25:78:c4:7d
		Type: IP

	IP Header
		IP PDU Len: 986
		Header Len (bytes): 28
		TTL: 44
		Protocol: TCP
		Checksum: Correct (0xef0e)
		Sender IP: 66.212.229.183
		Dest IP: 192.168.1.102


Packet number: 28  Packet Len: 266

	Ethernet Header
		Dest MAC: 0:6:25:78:c4:7d
		Source MAC: 0:2:2d:90:75:89
		Type: IP

	IP Header
		IP PDU Len: 252
		Header Len (bytes): 20
		TTL: 128
		Protocol: TCP
		Checksum: Correct (0xd488)
		Sender IP: 192.168.1.102
		Dest IP: 66.212.229.183


Packet number: 29  Packet Len: 137

	Ethernet Header
		Dest MAC: 0:2:2d:90:75:89
		Source MAC: 0:6:25:78:c4:7d
		Type: IP

	IP Header
		IP PDU Len: 123
		Header Len (bytes): 28
		TTL: 44
		Protocol: TCP
		Checksum: Correct (0xf26c)
		Sender IP: 66.212.229.183
		Dest IP: 192.168.1.102


Packet number: 30  Packet Len: 355

	Ethernet Header
		Dest MAC: 0:6:25:78:c4:7d
		Source MAC: 0:2:2d:90:75:89
		Type: IP

	IP Header
		IP PDU Len: 341
		Header Len (bytes): 20
		TTL: 128
		Protocol: TCP
		Checksum: Correct (0xd42e)
		Sender IP: 192.168.1.102
		Dest IP: 66.212.229.183


Packet number: 31  Packet Len: 568

	Ethernet Header
		Dest MAC: 0:2:2d:90:75:89
		Source MAC: 0:6:25:78:c4:7d
		Type: IP

	IP Header
		IP PDU Len: 554
		Header Len (bytes): 28
		TTL: 44
		Protocol: TCP
		Checksum: Correct (0xf0bc)
		Sender IP: 66.212.229.183
		Dest IP: 192.168.1.102


Packet number: 32  Packet Len: 139

	Ethernet Header
		Dest MAC: 0:6:25:78:c4:7d
		Source MAC: 0:2:2d:90:75:89
		Type: IP

	IP Header
		IP PDU Len: 125
		Header Len (bytes): 20
		TTL: 128
		Protocol: TCP
		Checksum: Correct (0xd505)
		Sender IP: 192.168.1.102
		Dest IP: 66.212.229.183


Packet number: 33  Packet Len: 1514

	Ethernet Header
		Dest MAC: 0:2:2d:90:75:89
		Source MAC: 0:6:25:78:c4:7d
		Type: IP

	IP Header
		IP PDU Len: 1500
		Header Len (bytes): 28
		TTL: 44
		Protocol: TCP
		Checksum: Correct (0xed09)
		Sender IP: 66.212.229.183
		Dest IP: 192.168.1.102


Packet number: 34  Packet Len: 1506

	Ethernet Header
		Dest MAC: 0:2:2d:90:75:89
		Source MAC: 0:6:25:78:c4:7d
		Type: IP

	IP Header
		IP PDU Len: 1492
		Header Len (bytes): 20
		TTL: 44
		Protocol: TCP
		Checksum: Correct (0x3819)
		Sender IP: 66.212.229.183
		Dest IP: 192.168.1.102


Packet number: 35  Packet Len: 62

	Ethernet Header
		Dest MAC: 0:6:25:78:c4:7d
		Source MAC: 0:2:2d:90:75:89
		Type: IP

	IP Header
		IP PDU Len: 48
		Header Len (bytes): 28
		TTL: 128
		Protocol: TCP
		Checksum: Correct (0x8a49)
		Sender IP: 192.168.1.102
		Dest IP: 66.212.229.183


Packet number: 36  Packet Len: 284

	Ethernet Header
		Dest MAC: 0:2:2d:90:75:89
		Source MAC: 0:6:25:78:c4:7d
		Type: IP

	IP Header
		IP PDU Len: 270
		Header Len (bytes): 20
		TTL: 44
		Protocol: TCP
		Checksum: Correct (0x3cde)
		Sender IP: 66.212.229.183
		Dest IP: 192.168.1.102


Packet number: 37  Packet Len: 171

	Ethernet Header
		Dest MAC: 0:6:25:78:c4:7d
		Source MAC: 0:2:2d:90:75:89
		Type: IP

	IP Header
		IP PDU Len: 157
		Header Len (bytes): 28
		TTL: 128
		Protocol: TCP
		Checksum: Correct (0x89db)
		Sender IP: 192.168.1.102
		Dest IP: 66.212.229.183


Packet number: 38  Packet Len: 60

	Ethernet Header
		Dest MAC: 0:2:2d:90:75:89
		Source MAC: 0:6:25:78:c4:7d
		Type: IP

	IP Header
		IP PDU Len: 40
		Header Len (bytes): 20
		TTL: 44
		Protocol: TCP
		Checksum: Correct (0x3dc3)
		Sender IP: 66.212.229.183
		Dest IP: 192.168.1.102


Packet number: 39  Packet Len: 907

	Ethernet Header
		Dest MAC: 0:6:25:78:c4:7d
		Source MAC: 0:2:2d:90:75:89
		Type: IP

	IP Header
		IP PDU Len: 893
		Header Len (bytes): 28
		TTL: 128
		Protocol: TCP
		Checksum: Correct (0x86fa)
		Sender IP: 192.168.1.102
		Dest IP: 66.212.229.183


Packet number: 40  Packet Len: 60

	Ethernet Header
		Dest MAC: 0:2:2d:90:75:89
		Source MAC: 0:6:25:78:c4:7d
		Type: IP

	IP Header
		IP PDU Len: 40
		Header Len (bytes): 20
		TTL: 44
		Protocol: TCP
		Checksum: Correct (0x3dc2)
		Sender IP: 66.212.229.183
		Dest IP: 192.168.1.102


Packet number: 41  Packet Len: 184

	Ethernet Header
		Dest MAC: 0:2:2d:90:75:89
		Source MAC: 0:6:25:78:c4:7d
		Type: IP

	IP Header
		IP PDU Len: 170
		Header Len (bytes): 28
		TTL: 44
		Protocol: TCP
		Checksum: Correct (0xf236)
		Sender IP: 66.212.229.183
		Dest IP: 192.168.1.102


Packet number: 42  Packet Len: 1506

	Ethernet Header
		Dest MAC: 0:2:2d:90:75:89
		Source MAC: 0:6:25:78:c4:7d
		Type: IP

	IP Header
		IP PDU Len: 1492
		Header Len (bytes): 20
		TTL: 44
		Protocol: TCP
		Checksum: Correct (0x3814)
		Sender IP: 66.212.229.183
		Dest IP: 192.168.1.102


Packet number: 43  Packet Len: 62

	Ethernet Header
		Dest MAC: 0:6:25:78:c4:7d
		Source MAC: 0:2:2d:90:75:89
		Type: IP

	IP Header
		IP PDU Len: 48
		Header Len (bytes): 28
		TTL: 128
		Protocol: TCP
		Checksum: Correct (0x8a46)
		Sender IP: 192.168.1.102
		Dest IP: 66.212.229.183


Packet number: 44  Packet Len: 1506

	Ethernet Header
		Dest MAC: 0:2:2d:90:75:89
		Source MAC: 0:6:25:78:c4:7d
		Type: IP

	IP Header
		IP PDU Len: 1492
		Header Len (bytes): 20
		TTL: 44
		Protocol: TCP
		Checksum: Correct (0x3813)
		Sender IP: 66.212.229.183
		Dest IP: 192.168.1.102


Packet number: 45  Packet Len: 1514

	Ethernet Header
		Dest MAC: 0:2:2d:90:75:89
		Source MAC: 0:6:25:78:c4:7d
		Type: IP

	IP Header
		IP PDU Len: 1500
		Header Len (bytes): 28
		TTL: 44
		Protocol: TCP
		Checksum: Correct (0xed01)
		Sender IP: 66.212.229.183
		Dest IP: 192.168.1.102


Packet number: 46  Packet Len: 54

	Ethernet Header
		Dest MAC: 0:6:25:78:c4:7d
		Source MAC: 0:2:2d:90:75:89
		Type: IP

	IP Header
		IP PDU Len: 40
		Header Len (bytes): 20
		TTL: 128
		Protocol: TCP
		Checksum: Correct (0xd555)
		Sender IP: 192.168.1.102
		Dest IP: 66.212.229.183


Packet number: 47  Packet Len: 1514

	Ethernet Header
		Dest MAC: 0:2:2d:90:75:89
		Source MAC: 0:6:25:78:c4:7d
		Type: IP

	IP Header
		IP PDU Len: 1500
		Header Len (bytes): 28
		TTL: 44
		Protocol: TCP
		Checksum: Correct (0xed00)
		Sender IP: 66.212.229.183
		Dest IP: 192.168.1.102


Packet number: 48  Packet Len: 1506

	Ethernet Header
		Dest MAC: 0:2:2d:90:75:89
		Source MAC: 0:6:25:78:c4:7d
		Type: IP

	IP Header
		IP PDU Len: 1492
		Header Len (bytes): 20
		TTL: 44
		Protocol: TCP
		Checksum: Correct (0x3810)
		Sender IP: 66.212.229.183
		Dest IP: 192.168.1.102


Packet number: 49  Packet Len: 62

	Ethernet Header
		Dest MAC: 0:6:25:78:c4:7d
		Source MAC: 0:2:2d:90:75:89
		Type: IP

	IP Header
		IP PDU Len: 48
		Header Len (bytes): 28
		TTL: 128
		Protocol: TCP
		Checksum: Correct (0x8a44)
		Sender IP: 192.168.1.102
		Dest IP: 66.212.229.183


Packet number: 50  Packet Len: 820

	Ethernet Header
		Dest MAC: 0:2:2d:90:75:89
		Source MAC: 0:6:25:78:c4:7d
		Type: IP

	IP Header
		IP PDU Len: 806
		Header Len (bytes): 20
		TTL: 44
		Protocol: TCP
		Checksum: Correct (0x3abd)
		Sender IP: 66.212.229.183
		Dest IP: 192.168.1.102


Packet number: 51  Packet Len: 62

	Ethernet Header
		Dest MAC: 0:6:25:78:c4:7d
		Source MAC: 0:2:2d:90:75:89
		Type: IP

	IP Header
		IP PDU Len: 48
		Header Len (bytes): 28
		TTL: 128
		Protocol: TCP
		Checksum: Correct (0x8a43)
		Sender IP: 192.168.1.102
		Dest IP: 66.212.229.183


Packet number: 52  Packet Len: 840

	Ethernet Header
		Dest MAC: 0:2:2d:90:75:89
		Source MAC: 0:6:25:78:c4:7d
		Type: IP

	IP Header
		IP PDU Len: 826
		Header Len (bytes): 20
		TTL: 44
		Protocol: TCP
		Checksum: Correct (0x3aa8)
		Sender IP: 66.212.229.183
		Dest IP: 192.168.1.102


Packet number: 53  Packet Len: 62

	Ethernet Header
		Dest MAC: 0:6:25:78:c4:7d
		Source MAC: 0:2:2d:90:75:89
		Type: IP

	IP Header
		IP PDU Len: 48
		Header Len (bytes): 28
		TTL: 128
		Protocol: TCP
		Checksum: Correct (0x8a42)
		Sender IP: 192.168.1.102
		Dest IP: 66.212.229.183


Packet number: 54  Packet Len: 139

	Ethernet Header
		Dest MAC: 0:6:25:78:c4:7d
		Source MAC: 0:2:2d:90:75:89
		Type: IP

	IP Header
		IP PDU Len: 125
		Header Len (bytes): 20
		TTL: 128
		Protocol: TCP
		Checksum: Correct (0xd4fc)
		Sender IP: 192.168.1.102
		Dest IP: 66.212.229.183


Packet number: 55  Packet Len: 68

	Ethernet Header
		Dest MAC: 0:2:2d:90:75:89
		Source MAC: 0:6:25:78:c4:7d
		Type: IP

	IP Header
		IP PDU Len: 48
		Header Len (bytes): 28
		TTL: 44
		Protocol: TCP
		Checksum: Correct (0xf2a8)
		Sender IP: 66.212.229.183
		Dest IP: 192.168.1.102


Packet number: 56  Packet Len: 139

	Ethernet Header
		Dest MAC: 0:6:25:78:c4:7d
		Source MAC: 0:2:2d:90:75:89
		Type: IP

	IP Header
		IP PDU Len: 125
		Header Len (bytes): 20
		TTL: 128
		Protocol: TCP
		Checksum: Correct (0xd4fb)
		Sender IP: 192.168.1.102
		Dest IP: 66.212.229.183


Packet number: 57  Packet Len: 68

	Ethernet Header
		Dest MAC: 0:2:2d:90:75:89
		Source MAC: 0:6:25:78:c4:7d
		Type: IP

	IP Header
		IP PDU Len: 48
		Header Len (bytes): 28
		TTL: 44
		Protocol: TCP
		Checksum: Correct (0xf2a7)
		Sender IP: 66.212.229.183
		Dest IP: 192.168.1.102


Packet number: 58  Packet Len: 139

	Ethernet Header
		Dest MAC: 0:6:25:78:c4:7d
		Source MAC: 0:2:2d:90:75:89
		Type: IP

	IP Header
		IP PDU Len: 125
		Header Len (bytes): 20
		TTL: 128
		Protocol: TCP
		Checksum: Correct (0xd4fa)
		Sender IP: 192.168.1.102
		Dest IP: 66.212.229.183


Packet number: 59  Packet Len: 68

	Ethernet Header
		Dest MAC: 0:2:2d:90:75:89
		Source MAC: 0:6:25:78:c4:7d
		Type: IP

	IP Header
		IP PDU Len: 48
		Header Len (bytes): 28
		TTL: 44
		Protocol: TCP
		Checksum: Correct (0xf2a6)
		Sender IP: 66.212.229.183
		Dest IP: 192.168.1.102


Packet number: 60  Packet Len: 293

	Ethernet Header
		Dest MAC: 0:6:25:78:c4:7d
		Source MAC: 0:2:2d:90:75:89
		Type: IP

	IP Header
		IP PDU Len: 279
		Header Len (bytes): 20
		TTL: 128
		Protocol: TCP
		Checksum: Correct (0xd45f)
		Sender IP: 192.168.1.102
		Dest IP: 66.212.229.183


Packet number: 61  Packet Len: 68

	Ethernet Header
		Dest MAC: 0:2:2d:90:75:89
		Source MAC: 0:6:25:78:c4:7d
		Type: IP

	IP Header
		IP PDU Len: 48
		Header Len (bytes): 28
		TTL: 44
		Protocol: TCP
		Checksum: Correct (0xf2a5)
		Sender IP: 66.212.229.183
		Dest IP: 192.168.1.102


Packet number: 62  Packet Len: 176

	Ethernet Header
		Dest MAC: 0:2:2d:90:75:89
		Source MAC: 0:6:25:78:c4:7d
		Type: IP

	IP Header
		IP PDU Len: 162
		Header Len (bytes): 20
		TTL: 44
		Protocol: TCP
		Checksum: Correct (0x3d3b)
		Sender IP: 66.212.229.183
		Dest IP: 192.168.1.102


Packet number: 63  Packet Len: 62

	Ethernet Header
		Dest MAC: 0:6:25:78:c4:7d
		Source MAC: 0:2:2d:90:75:89
		Type: IP

	IP Header
		IP PDU Len: 48
		Header Len (bytes): 28
		TTL: 128
		Protocol: TCP
		Checksum: Correct (0x8a3d)
		Sender IP: 192.168.1.102
		Dest IP: 66.212.229.183


Packet number: 64  Packet Len: 600

	Ethernet Header
		Dest MAC: 0:2:2d:90:75:89
		Source MAC: 0:6:25:78:c4:7d
		Type: IP

	IP Header
		IP PDU Len: 586
		Header Len (bytes): 20
		TTL: 44
		Protocol: TCP
		Checksum: Correct (0x3b92)
		Sender IP: 66.212.229.183
		Dest IP: 192.168.1.102


Packet number: 65  Packet Len: 62

	Ethernet Header
		Dest MAC: 0:6:25:78:c4:7d
		Source MAC: 0:2:2d:90:75:89
		Type: IP

	IP Header
		IP PDU Len: 48
		Header Len (bytes): 28
		TTL: 128
		Protocol: TCP
		Checksum: Correct (0x8a3c)
		Sender IP: 192.168.1.102
		Dest IP: 66.212.229.183


Packet number: 66  Packet Len: 54

	Ethernet Header
		Dest MAC: 0:6:25:78:c4:7d
		Source MAC: 0:2:2d:90:75:89
		Type: IP

	IP Header
		IP PDU Len: 40
		Header Len (bytes): 20
		TTL: 128
		Protocol: TCP
		Checksum: Correct (0xd54b)
		Sender IP: 192.168.1.102
		Dest IP: 66.212.229.183


Packet number: 67  Packet Len: 147

	Ethernet Header
		Dest MAC: 0:6:25:78:c4:7d
		Source MAC: 0:2:2d:90:75:89
		Type: IP

	IP Header
		IP PDU Len: 133
		Header Len (bytes): 28
		TTL: 128
		Protocol: TCP
		Checksum: Correct (0x89e5)
		Sender IP: 192.168.1.102
		Dest IP: 66.212.229.183


Packet number: 68  Packet Len: 60

	Ethernet Header
		Dest MAC: 0:2:2d:90:75:89
		Source MAC: 0:6:25:78:c4:7d
		Type: IP

	IP Header
		IP PDU Len: 40
		Header Len (bytes): 20
		TTL: 44
		Protocol: TCP
		Checksum: Correct (0x3db3)
		Sender IP: 66.212.229.183
		Dest IP: 192.168.1.102


Packet number: 69  Packet Len: 147

	Ethernet Header
		Dest MAC: 0:6:25:78:c4:7d
		Source MAC: 0:2:2d:90:75:89
		Type: IP

	IP Header
		IP PDU Len: 133
		Header Len (bytes): 28
		TTL: 128
		Protocol: TCP
		Checksum: Correct (0x89e4)
		Sender IP: 192.168.1.102
		Dest IP: 66.212.229.183


Packet number: 70  Packet Len: 60

	Ethernet Header
		Dest MAC: 0:2:2d:90:75:89
		Source MAC: 0:6:25:78:c4:7d
		Type: IP

	IP Header
		IP PDU Len: 40
		Header Len (bytes): 20
		TTL: 44
		Protocol: TCP
		Checksum: Correct (0x3db2)
		Sender IP: 66.212.229.183
		Dest IP: 192.168.1.102


Packet number: 71  Packet Len: 840

	Ethernet Header
		Dest MAC: 0:2:2d:90:75:89
		Source MAC: 0:6:25:78:c4:7d
		Type: IP

	IP Header
		IP PDU Len: 826
		Header Len (bytes): 28
		TTL: 44
		Protocol: TCP
		Checksum: Correct (0xef96)
		Sender IP: 66.212.229.183
		Dest IP: 192.168.1.102


Packet number: 72  Packet Len: 54

	Ethernet Header
		Dest MAC: 0:6:25:78:c4:7d
		Source MAC: 0:2:2d:90:75:89
		Type: IP

	IP Header
		IP PDU Len: 40
		Header Len (bytes): 20
		TTL: 128
		Protocol: TCP
		Checksum: Correct (0xd548)
		Sender IP: 192.168.1.102
		Dest IP: 66.212.229.183


Packet number: 73  Packet Len: 139

	Ethernet Header
		Dest MAC: 0:6:25:78:c4:7d
		Source MAC: 0:2:2d:90:75:89
		Type: IP

	IP Header
		IP PDU Len: 125
		Header Len (bytes): 28
		TTL: 128
		Protocol: TCP
		Checksum: Correct (0x89ea)
		Sender IP: 192.168.1.102
		Dest IP: 66.212.229.183


Packet number: 74  Packet Len: 60

	Ethernet Header
		Dest MAC: 0:2:2d:90:75:89
		Source MAC: 0:6:25:78:c4:7d
		Type: IP

	IP Header
		IP PDU Len: 40
		Header Len (bytes): 20
		TTL: 44
		Protocol: TCP
		Checksum: Correct (0x3db0)
		Sender IP: 66.212.229.183
		Dest IP: 192.168.1.102


Packet number: 75  Packet Len: 87

	Ethernet Header
		Dest MAC: 0:6:25:78:c4:7d
		Source MAC: 0:2:2d:90:75:89
		Type: IP

	IP Header
		IP PDU Len: 73
		Header Len (bytes): 28
		TTL: 128
		Protocol: UDP
		Checksum: Correct (0x0785)
		Sender IP: 192.168.1.102
		Dest IP: 206.13.29.12


Packet number: 76  Packet Len: 175

	Ethernet Header
		Dest MAC: 0:2:2d:90:75:89
		Source MAC: 0:6:25:78:c4:7d
		Type: IP

	IP Header
		IP PDU Len: 161
		Header Len (bytes): 20
		TTL: 247
		Protocol: UDP
		Checksum: Correct (0xa2e0)
		Sender IP: 206.13.29.12
		Dest IP: 192.168.1.102


Packet number: 77  Packet Len: 70

	Ethernet Header
		Dest MAC: 0:6:25:78:c4:7d
		Source MAC: 0:2:2d:90:75:89
		Type: IP

	IP Header
		IP PDU Len: 56
		Header Len (bytes): 28
		TTL: 128
		Protocol: TCP
		Checksum: Correct (0xc186)
		Sender IP: 192.168.1.102
		Dest IP: 195.10.46.40


Packet number: 78  Packet Len: 62

	Ethernet Header
		Dest MAC: 0:2:2d:90:75:89
		Source MAC: 0:6:25:78:c4:7d
		Type: IP

	IP Header
		IP PDU Len: 48
		Header Len (bytes): 20
		TTL: 43
		Protocol: TCP
		Checksum: Correct (0x9c87)
		Sender IP: 195.10.46.40
		Dest IP: 192.168.1.102


Packet number: 79  Packet Len: 62

	Ethernet Header
		Dest MAC: 0:6:25:78:c4:7d
		Source MAC: 0:2:2d:90:75:89
		Type: IP

	IP Header
		IP PDU Len: 48
		Header Len (bytes): 28
		TTL: 128
		Protocol: TCP
		Checksum: Correct (0xc18c)
		Sender IP: 192.168.1.102
		Dest IP: 195.10.46.40


Packet number: 80  Packet Len: 382

	Ethernet Header
		Dest MAC: 0:6:25:78:c4:7d
		Source MAC: 0:2:2d:90:75:89
		Type: IP

	IP Header
		IP PDU Len: 368
		Header Len (bytes): 20
		TTL: 128
		Protocol: TCP
		Checksum: Correct (0x0b54)
		Sender IP: 192.168.1.102
		Dest IP: 195.10.46.40


Packet number: 81  Packet Len: 68

	Ethernet Header
		Dest MAC: 0:2:2d:90:75:89
		Source MAC: 0:6:25:78:c4:7d
		Type: IP

	IP Header
		IP PDU Len: 48
		Header Len (bytes): 28
		TTL: 43
		Protocol: TCP
		Checksum: Correct (0x1bb0)
		Sender IP: 195.10.46.40
		Dest IP: 192.168.1.102


Packet number: 82  Packet Len: 1506

	Ethernet Header
		Dest MAC: 0:2:2d:90:75:89
		Source MAC: 0:6:25:78:c4:7d
		Type: IP

	IP Header
		IP PDU Len: 1492
		Header Len (bytes): 20
		TTL: 43
		Protocol: TCP
		Checksum: Correct (0x6113)
		Sender IP: 195.10.46.40
		Dest IP: 192.168.1.102


Packet number: 83  Packet Len: 862

	Ethernet Header
		Dest MAC: 0:2:2d:90:75:89
		Source MAC: 0:6:25:78:c4:7d
		Type: IP

	IP Header
		IP PDU Len: 848
		Header Len (bytes): 28
		TTL: 43
		Protocol: TCP
		Checksum: Correct (0x188e)
		Sender IP: 195.10.46.40
		Dest IP: 192.168.1.102


Packet number: 84  Packet Len: 54

	Ethernet Header
		Dest MAC: 0:6:25:78:c4:7d
		Source MAC: 0:2:2d:90:75:89
		Type: IP

	IP Header
		IP PDU Len: 40
		Header Len (bytes): 20
		TTL: 128
		Protocol: TCP
		Checksum: Correct (0x0c9a)
		Sender IP: 192.168.1.102
		Dest IP: 195.10.46.40


Packet number: 85  Packet Len: 591

	Ethernet Header
		Dest MAC: 0:6:25:78:c4:7d
		Source MAC: 0:2:2d:90:75:89
		Type: IP

	IP Header
		IP PDU Len: 577
		Header Len (bytes): 28
		TTL: 128
		Protocol: TCP
		Checksum: Correct (0xbf77)
		Sender IP: 192.168.1.102
		Dest IP: 195.10.46.40


Packet number: 86  Packet Len: 62

	Ethernet Header
		Dest MAC: 0:6:25:78:c4:7d
		Source MAC: 0:2:2d:90:75:89
		Type: IP

	IP Header
		IP PDU Len: 48
		Header Len (bytes): 20
		TTL: 128
		Protocol: TCP
		Checksum: Correct (0x0c8f)
		Sender IP: 192.168.1.102
		Dest IP: 195.10.46.40


Packet number: 87  Packet Len: 1514

	Ethernet Header
		Dest MAC: 0:2:2d:90:75:89
		Source MAC: 0:6:25:78:c4:7d
		Type: IP

	IP Header
		IP PDU Len: 1500
		Header Len (bytes): 28
		TTL: 43
		Protocol: TCP
		Checksum: Correct (0x1601)
		Sender IP: 195.10.46.40
		Dest IP: 192.168.1.102


Packet number: 88  Packet Len: 1506

	Ethernet Header
		Dest MAC: 0:2:2d:90:75:89
		Source MAC: 0:6:25:78:c4:7d
		Type: IP

	IP Header
		IP PDU Len: 1492
		Header Len (bytes): 20
		TTL: 43
		Protocol: TCP
		Checksum: Correct (0x6110)
		Sender IP: 195.10.46.40
		Dest IP: 192.168.1.102


Packet number: 89  Packet Len: 62

	Ethernet Header
		Dest MAC: 0:6:25:78:c4:7d
		Source MAC: 0:2:2d:90:75:89
		Type: IP

	IP Header
		IP PDU Len: 48
		Header Len (bytes): 28
		TTL: 128
		Protocol: TCP
		Checksum: Correct (0xc184)
		Sender IP: 192.168.1.102
		Dest IP: 195.10.46.40


Packet number: 90  Packet Len: 1506

	Ethernet Header
		Dest MAC: 0:2:2d:90:75:89
		Source MAC: 0:6:25:78:c4:7d
		Type: IP

	IP Header
		IP PDU Len: 1492
		Header Len (bytes): 20
		TTL: 43
		Protocol: TCP
		Checksum: Correct (0x610f)
		Sender IP: 195.10.46.40
		Dest IP: 192.168.1.102


Packet number: 91  Packet Len: 62

	Ethernet Header
		Dest MAC: 0:6:25:78:c4:7d
		Source MAC: 0:2:2d:90:75:89
		Type: IP

	IP Header
		IP PDU Len: 48
		Header Len (bytes): 28
		TTL: 128
		Protocol: TCP
		Checksum: Correct (0xc183)
		Sender IP: 192.168.1.102
		Dest IP: 195.10.46.40


Packet number: 92  Packet Len: 62

	Ethernet Header
		Dest MAC: 0:2:2d:90:75:89
		Source MAC: 0:6:25:78:c4:7d
		Type: IP

	IP Header
		IP PDU Len: 48
		Header Len (bytes): 20
		TTL: 43
		Protocol: TCP
		Checksum: Correct (0x9c87)
		Sender IP: 195.10.46.40
		Dest IP: 192.168.1.102


Packet number: 93  Packet Len: 62

	Ethernet Header
		Dest MAC: 0:6:25:78:c4:7d
		Source MAC: 0:2:2d:90:75:89
		Type: IP

	IP Header
		IP PDU Len: 48
		Header Len (bytes): 28
		TTL: 128
		Protocol: TCP
		Checksum: Correct (0xc182)
		Sender IP: 192.168.1.102
		Dest IP: 195.10.46.40


Packet number: 94  Packet Len: 54

	Ethernet Header
		Dest MAC: 0:6:25:78:c4:7d
		Source MAC: 0:2:2d:90:75:89
		Type: IP

	IP Header
		IP PDU Len: 40
		Header Len (bytes): 20
		TTL: 128
		Protocol: TCP
		Checksum: Correct (0x0c92)
		Sender IP: 192.168.1.102
		Dest IP: 195.10.46.40


Packet number: 95  Packet Len: 592

	Ethernet Header
		Dest MAC: 0:6:25:78:c4:7d
		Source MAC: 0:2:2d:90:75:89
		Type: IP

	IP Header
		IP PDU Len: 578
		Header Len (bytes): 28
		TTL: 128
		Protocol: TCP
		Checksum: Correct (0xbf6e)
		Sender IP: 192.168.1.102
		Dest IP: 195.10.46.40


Packet number: 96  Packet Len: 62

	Ethernet Header
		Dest MAC: 0:6:25:78:c4:7d
		Source MAC: 0:2:2d:90:75:89
		Type: IP

	IP Header
		IP PDU Len: 48
		Header Len (bytes): 20
		TTL: 128
		Protocol: TCP
		Checksum: Correct (0x0c87)
		Sender IP: 192.168.1.102
		Dest IP: 195.10.46.40


Packet number: 97  Packet Len: 1514

	Ethernet Header
		Dest MAC: 0:2:2d:90:75:89
		Source MAC: 0:6:25:78:c4:7d
		Type: IP

	IP Header
		IP PDU Len: 1500
		Header Len (bytes): 28
		TTL: 43
		Protocol: TCP
		Checksum: Correct (0x15fe)
		Sender IP: 195.10.46.40
		Dest IP: 192.168.1.102


Packet number: 98  Packet Len: 54

	Ethernet Header
		Dest MAC: 0:6:25:78:c4:7d
		Source MAC: 0:2:2d:90:75:89
		Type: IP

	IP Header
		IP PDU Len: 40
		Header Len (bytes): 20
		TTL: 128
		Protocol: TCP
		Checksum: Correct (0x4c8d)
		Sender IP: 192.168.1.102
		Dest IP: 195.10.46.40


Packet number: 99  Packet Len: 1514

	Ethernet Header
		Dest MAC: 0:2:2d:90:75:89
		Source MAC: 0:6:25:78:c4:7d
		Type: IP

	IP Header
		IP PDU Len: 1500
		Header Len (bytes): 28
		TTL: 43
		Protocol: TCP
		Checksum: Correct (0x15fd)
		Sender IP: 195.10.46.40
		Dest IP: 192.168.1.102


Packet number: 100  Packet Len: 54

	Ethernet Header
		Dest MAC: 0:6:25:78:c4:7d
		Source MAC: 0:2:2d:90:75:89
		Type: IP

	IP Header
		IP PDU Len: 40
		Header Len (bytes): 20
		TTL: 128
		Protocol: TCP
		Checksum: Correct (0x4c8c)
		Sender IP: 192.168.1.102
		Dest IP: 195.10.46.40


Packet number: 101  Packet Len: 1514

	Ethernet Header
		Dest MAC: 0:2:2d:90:75:89
		Source MAC: 0:6:25:78:c4:7d
		Type: IP

	IP Header
		IP PDU Len: 1500
		Header Len (bytes): 28
		TTL: 43
		Protocol: TCP
		Checksum: Correct (0x15fc)
		Sender IP: 195.10.46.40
		Dest IP: 192.168.1.102


Packet number: 102  Packet Len: 54

	Ethernet Header
		Dest MAC: 0:6:25:78:c4:7d
		Source MAC: 0:2:2d:90:75:89
		Type: IP

	IP Header
		IP PDU Len: 40
		Header Len (bytes): 20
		TTL: 128
		Protocol: TCP
		Checksum: Correct (0x4c8b)
		Sender IP: 192.168.1.102
		Dest IP: 195.10.46.40


Packet number: 103  Packet Len: 334

	Ethernet Header
		Dest MAC: 0:2:2d:90:75:89
		Source MAC: 0:6:25:78:c4:7d
		Type: IP

	IP Header
		IP PDU Len: 320
		Header Len (bytes): 28
		TTL: 43
		Protocol: TCP
		Checksum: Correct (0x1a96)
		Sender IP: 195.10.46.40
		Dest IP: 192.168.1.102


Packet number: 104  Packet Len: 54

	Ethernet Header
		Dest MAC: 0:6:25:78:c4:7d
		Source MAC: 0:2:2d:90:75:89
		Type: IP

	IP Header
		IP PDU Len: 40
		Header Len (bytes): 20
		TTL: 128
		Protocol: TCP
		Checksum: Correct (0x4c8a)
		Sender IP: 192.168.1.102
		Dest IP: 195.10.46.40


Packet number: 105  Packet Len: 1514

	Ethernet Header
		Dest MAC: 0:2:2d:90:75:89
		Source MAC: 0:6:25:78:c4:7d
		Type: IP

	IP Header
		IP PDU Len: 1500
		Header Len (bytes): 28
		TTL: 43
		Protocol: TCP
		Checksum: Correct (0x15fb)
		Sender IP: 195.10.46.40
		Dest IP: 192.168.1.102


Packet number: 106  Packet Len: 54

	Ethernet Header
		Dest MAC: 0:6:25:78:c4:7d
		Source MAC: 0:2:2d:90:75:89
		Type: IP

	IP Header
		IP PDU Len: 40
		Header Len (bytes): 20
		TTL: 128
		Protocol: TCP
		Checksum: Correct (0x4c89)
		Sender IP: 192.168.1.102
		Dest IP: 195.10.46.40


Packet number: 107  Packet Len: 68

	Ethernet Header
		Dest MAC: 0:2:2d:90:75:89
		Source MAC: 0:6:25:78:c4:7d
		Type: IP

	IP Header
		IP PDU Len: 48
		Header Len (bytes): 28
		TTL: 43
		Protocol: TCP
		Checksum: Correct (0xf95a)
		Sender IP: 195.10.46.40
		Dest IP: 192.168.1.102


Packet number: 108  Packet Len: 1506

	Ethernet Header
		Dest MAC: 0:2:2d:90:75:89
		Source MAC: 0:6:25:78:c4:7d
		Type: IP

	IP Header
		IP PDU Len: 1492
		Header Len (bytes): 20
		TTL: 43
		Protocol: TCP
		Checksum: Correct (0x3ebe)
		Sender IP: 195.10.46.40
		Dest IP: 192.168.1.102


Packet number: 109  Packet Len: 1514

	Ethernet Header
		Dest MAC: 0:2:2d:90:75:89
		Source MAC: 0:6:25:78:c4:7d
		Type: IP

	IP Header
		IP PDU Len: 1500
		Header Len (bytes): 28
		TTL: 43
		Protocol: TCP
		Checksum: Correct (0xf3ac)
		Sender IP: 195.10.46.40
		Dest IP: 192.168.1.102


Packet number: 110  Packet Len: 54

	Ethernet Header
		Dest MAC: 0:6:25:78:c4:7d
		Source MAC: 0:2:2d:90:75:89
		Type: IP

	IP Header
		IP PDU Len: 40
		Header Len (bytes): 20
		TTL: 128
		Protocol: TCP
		Checksum: Correct (0x0c88)
		Sender IP: 192.168.1.102
		Dest IP: 195.10.46.40


Packet number: 111  Packet Len: 70

	Ethernet Header
		Dest MAC: 0:2:2d:90:75:89
		Source MAC: 0:6:25:78:c4:7d
		Type: IP

	IP Header
		IP PDU Len: 56
		Header Len (bytes): 28
		TTL: 43
		Protocol: TCP
		Checksum: Correct (0x5177)
		Sender IP: 195.10.46.40
		Dest IP: 192.168.1.102


Packet number: 112  Packet Len: 54

	Ethernet Header
		Dest MAC: 0:6:25:78:c4:7d
		Source MAC: 0:2:2d:90:75:89
		Type: IP

	IP Header
		IP PDU Len: 40
		Header Len (bytes): 20
		TTL: 128
		Protocol: TCP
		Checksum: Correct (0x0c87)
		Sender IP: 192.168.1.102
		Dest IP: 195.10.46.40


Packet number: 113  Packet Len: 587

	Ethernet Header
		Dest MAC: 0:6:25:78:c4:7d
		Source MAC: 0:2:2d:90:75:89
		Type: IP

	IP Header
		IP PDU Len: 573
		Header Len (bytes): 28
		TTL: 128
		Protocol: TCP
		Checksum: Correct (0xbf68)
		Sender IP: 192.168.1.102
		Dest IP: 195.10.46.40


Packet number: 114  Packet Len: 1506

	Ethernet Header
		Dest MAC: 0:2:2d:90:75:89
		Source MAC: 0:6:25:78:c4:7d
		Type: IP

	IP Header
		IP PDU Len: 1492
		Header Len (bytes): 20
		TTL: 43
		Protocol: TCP
		Checksum: Correct (0x3ebc)
		Sender IP: 195.10.46.40
		Dest IP: 192.168.1.102


Packet number: 115  Packet Len: 62

	Ethernet Header
		Dest MAC: 0:6:25:78:c4:7d
		Source MAC: 0:2:2d:90:75:89
		Type: IP

	IP Header
		IP PDU Len: 48
		Header Len (bytes): 28
		TTL: 128
		Protocol: TCP
		Checksum: Correct (0xc173)
		Sender IP: 192.168.1.102
		Dest IP: 195.10.46.40


Packet number: 116  Packet Len: 54

	Ethernet Header
		Dest MAC: 0:6:25:78:c4:7d
		Source MAC: 0:2:2d:90:75:89
		Type: IP

	IP Header
		IP PDU Len: 40
		Header Len (bytes): 20
		TTL: 128
		Protocol: TCP
		Checksum: Correct (0x0c83)
		Sender IP: 192.168.1.102
		Dest IP: 195.10.46.40


Packet number: 117  Packet Len: 1051

	Ethernet Header
		Dest MAC: 0:2:2d:90:75:89
		Source MAC: 0:6:25:78:c4:7d
		Type: IP

	IP Header
		IP PDU Len: 1037
		Header Len (bytes): 28
		TTL: 43
		Protocol: TCP
		Checksum: Correct (0xf579)
		Sender IP: 195.10.46.40
		Dest IP: 192.168.1.102


Packet number: 118  Packet Len: 54

	Ethernet Header
		Dest MAC: 0:6:25:78:c4:7d
		Source MAC: 0:2:2d:90:75:89
		Type: IP

	IP Header
		IP PDU Len: 40
		Header Len (bytes): 20
		TTL: 128
		Protocol: TCP
		Checksum: Correct (0x4c82)
		Sender IP: 192.168.1.102
		Dest IP: 195.10.46.40


Packet number: 119  Packet Len: 68

	Ethernet Header
		Dest MAC: 0:2:2d:90:75:89
		Source MAC: 0:6:25:78:c4:7d
		Type: IP

	IP Header
		IP PDU Len: 48
		Header Len (bytes): 28
		TTL: 43
		Protocol: TCP
		Checksum: Correct (0x6029)
		Sender IP: 195.10.46.40
		Dest IP: 192.168.1.102


Packet number: 120  Packet Len: 239

	Ethernet Header
		Dest MAC: 0:2:2d:90:75:89
		Source MAC: 0:6:25:78:c4:7d
		Type: IP

	IP Header
		IP PDU Len: 225
		Header Len (bytes): 20
		TTL: 43
		Protocol: TCP
		Checksum: Correct (0xaa7f)
		Sender IP: 195.10.46.40
		Dest IP: 192.168.1.102


Packet number: 121  Packet Len: 70

	Ethernet Header
		Dest MAC: 0:6:25:78:c4:7d
		Source MAC: 0:2:2d:90:75:89
		Type: IP

	IP Header
		IP PDU Len: 56
		Header Len (bytes): 28
		TTL: 128
		Protocol: TCP
		Checksum: Correct (0xc168)
		Sender IP: 192.168.1.102
		Dest IP: 195.10.46.40


Packet number: 122  Packet Len: 580

	Ethernet Header
		Dest MAC: 0:6:25:78:c4:7d
		Source MAC: 0:2:2d:90:75:89
		Type: IP

	IP Header
		IP PDU Len: 566
		Header Len (bytes): 20
		TTL: 128
		Protocol: TCP
		Checksum: Correct (0x0a71)
		Sender IP: 192.168.1.102
		Dest IP: 195.10.46.40


Packet number: 123  Packet Len: 70

	Ethernet Header
		Dest MAC: 0:2:2d:90:75:89
		Source MAC: 0:6:25:78:c4:7d
		Type: IP

	IP Header
		IP PDU Len: 56
		Header Len (bytes): 28
		TTL: 43
		Protocol: TCP
		Checksum: Correct (0x5177)
		Sender IP: 195.10.46.40
		Dest IP: 192.168.1.102


Packet number: 124  Packet Len: 54

	Ethernet Header
		Dest MAC: 0:6:25:78:c4:7d
		Source MAC: 0:2:2d:90:75:89
		Type: IP

	IP Header
		IP PDU Len: 40
		Header Len (bytes): 20
		TTL: 128
		Protocol: TCP
		Checksum: Correct (0x0c7d)
		Sender IP: 192.168.1.102
		Dest IP: 195.10.46.40


Packet number: 125  Packet Len: 588

	Ethernet Header
		Dest MAC: 0:6:25:78:c4:7d
		Source MAC: 0:2:2d:90:75:89
		Type: IP

	IP Header
		IP PDU Len: 574
		Header Len (bytes): 28
		TTL: 128
		Protocol: TCP
		Checksum: Correct (0xbf5d)
		Sender IP: 192.168.1.102
		Dest IP: 195.10.46.40


Packet number: 126  Packet Len: 1506

	Ethernet Header
		Dest MAC: 0:2:2d:90:75:89
		Source MAC: 0:6:25:78:c4:7d
		Type: IP

	IP Header
		IP PDU Len: 1492
		Header Len (bytes): 20
		TTL: 43
		Protocol: TCP
		Checksum: Correct (0xa58b)
		Sender IP: 195.10.46.40
		Dest IP: 192.168.1.102


Packet number: 127  Packet Len: 1514

	Ethernet Header
		Dest MAC: 0:2:2d:90:75:89
		Source MAC: 0:6:25:78:c4:7d
		Type: IP

	IP Header
		IP PDU Len: 1500
		Header Len (bytes): 28
		TTL: 43
		Protocol: TCP
		Checksum: Correct (0x5a7a)
		Sender IP: 195.10.46.40
		Dest IP: 192.168.1.102


Packet number: 128  Packet Len: 54

	Ethernet Header
		Dest MAC: 0:6:25:78:c4:7d
		Source MAC: 0:2:2d:90:75:89
		Type: IP

	IP Header
		IP PDU Len: 40
		Header Len (bytes): 20
		TTL: 128
		Protocol: TCP
		Checksum: Correct (0x0c7a)
		Sender IP: 192.168.1.102
		Dest IP: 195.10.46.40


Packet number: 129  Packet Len: 68

	Ethernet Header
		Dest MAC: 0:2:2d:90:75:89
		Source MAC: 0:6:25:78:c4:7d
		Type: IP

	IP Header
		IP PDU Len: 48
		Header Len (bytes): 28
		TTL: 43
		Protocol: TCP
		Checksum: Correct (0x7f4c)
		Sender IP: 195.10.46.40
		Dest IP: 192.168.1.102


Packet number: 130  Packet Len: 268

	Ethernet Header
		Dest MAC: 0:2:2d:90:75:89
		Source MAC: 0:6:25:78:c4:7d
		Type: IP

	IP Header
		IP PDU Len: 254
		Header Len (bytes): 20
		TTL: 43
		Protocol: TCP
		Checksum: Correct (0xc984)
		Sender IP: 195.10.46.40
		Dest IP: 192.168.1.102


Packet number: 131  Packet Len: 74

	Ethernet Header
		Dest MAC: 0:6:25:78:c4:7d
		Source MAC: 0:2:2d:90:75:89
		Type: IP

	IP Header
		IP PDU Len: 60
		Header Len (bytes): 28
		TTL: 128
		Protocol: TCP
		Checksum: Correct (0xc15c)
		Sender IP: 192.168.1.102
		Dest IP: 195.10.46.40


Packet number: 132  Packet Len: 1506

	Ethernet Header
		Dest MAC: 0:2:2d:90:75:89
		Source MAC: 0:6:25:78:c4:7d
		Type: IP

	IP Header
		IP PDU Len: 1492
		Header Len (bytes): 20
		TTL: 43
		Protocol: TCP
		Checksum: Correct (0xc4af)
		Sender IP: 195.10.46.40
		Dest IP: 192.168.1.102


Packet number: 133  Packet Len: 62

	Ethernet Header
		Dest MAC: 0:6:25:78:c4:7d
		Source MAC: 0:2:2d:90:75:89
		Type: IP

	IP Header
		IP PDU Len: 48
		Header Len (bytes): 28
		TTL: 128
		Protocol: TCP
		Checksum: Correct (0xc167)
		Sender IP: 192.168.1.102
		Dest IP: 195.10.46.40


Packet number: 134  Packet Len: 54

	Ethernet Header
		Dest MAC: 0:6:25:78:c4:7d
		Source MAC: 0:2:2d:90:75:89
		Type: IP

	IP Header
		IP PDU Len: 40
		Header Len (bytes): 20
		TTL: 128
		Protocol: TCP
		Checksum: Correct (0x0c77)
		Sender IP: 192.168.1.102
		Dest IP: 195.10.46.40


Packet number: 135  Packet Len: 1514

	Ethernet Header
		Dest MAC: 0:2:2d:90:75:89
		Source MAC: 0:6:25:78:c4:7d
		Type: IP

	IP Header
		IP PDU Len: 1500
		Header Len (bytes): 28
		TTL: 43
		Protocol: TCP
		Checksum: Correct (0x5a79)
		Sender IP: 195.10.46.40
		Dest IP: 192.168.1.102


Packet number: 136  Packet Len: 54

	Ethernet Header
		Dest MAC: 0:6:25:78:c4:7d
		Source MAC: 0:2:2d:90:75:89
		Type: IP

	IP Header
		IP PDU Len: 40
		Header Len (bytes): 20
		TTL: 128
		Protocol: TCP
		Checksum: Correct (0x0c76)
		Sender IP: 192.168.1.102
		Dest IP: 195.10.46.40


Packet number: 137  Packet Len: 62

	Ethernet Header
		Dest MAC: 0:6:25:78:c4:7d
		Source MAC: 0:2:2d:90:75:89
		Type: IP

	IP Header
		IP PDU Len: 48
		Header Len (bytes): 28
		TTL: 128
		Protocol: TCP
		Checksum: Correct (0xc164)
		Sender IP: 192.168.1.102
		Dest IP: 195.10.46.40


Packet number: 138  Packet Len: 1506

	Ethernet Header
		Dest MAC: 0:2:2d:90:75:89
		Source MAC: 0:6:25:78:c4:7d
		Type: IP

	IP Header
		IP PDU Len: 1492
		Header Len (bytes): 20
		TTL: 43
		Protocol: TCP
		Checksum: Correct (0xa588)
		Sender IP: 195.10.46.40
		Dest IP: 192.168.1.102


Packet number: 139  Packet Len: 62

	Ethernet Header
		Dest MAC: 0:6:25:78:c4:7d
		Source MAC: 0:2:2d:90:75:89
		Type: IP

	IP Header
		IP PDU Len: 48
		Header Len (bytes): 28
		TTL: 128
		Protocol: TCP
		Checksum: Correct (0x0164)
		Sender IP: 192.168.1.102
		Dest IP: 195.10.46.40


Packet number: 140  Packet Len: 1506

	Ethernet Header
		Dest MAC: 0:2:2d:90:75:89
		Source MAC: 0:6:25:78:c4:7d
		Type: IP

	IP Header
		IP PDU Len: 1492
		Header Len (bytes): 20
		TTL: 43
		Protocol: TCP
		Checksum: Correct (0xa587)
		Sender IP: 195.10.46.40
		Dest IP: 192.168.1.102


Packet number: 141  Packet Len: 62

	Ethernet Header
		Dest MAC: 0:6:25:78:c4:7d
		Source MAC: 0:2:2d:90:75:89
		Type: IP

	IP Header
		IP PDU Len: 48
		Header Len (bytes): 28
		TTL: 128
		Protocol: TCP
		Checksum: Correct (0x0163)
		Sender IP: 192.168.1.102
		Dest IP: 195.10.46.40


Packet number: 142  Packet Len: 1506

	Ethernet Header
		Dest MAC: 0:2:2d:90:75:89
		Source MAC: 0:6:25:78:c4:7d
		Type: IP

	IP Header
		IP PDU Len: 1492
		Header Len (bytes): 20
		TTL: 43
		Protocol: TCP
		Checksum: Correct (0xa586)
		Sender IP: 195.10.46.40
		Dest IP: 192.168.1.102


Packet number: 143  Packet Len: 62

	Ethernet Header
		Dest MAC: 0:6:25:78:c4:7d
		Source MAC: 0:2:2d:90:75:89
		Type: IP

	IP Header
		IP PDU Len: 48
		Header Len (bytes): 28
		TTL: 128
		Protocol: TCP
		Checksum: Correct (0x0162)
		Sender IP: 192.168.1.102
		Dest IP: 195.10.46.40


Packet number: 144  Packet Len: 1506

	Ethernet Header
		Dest MAC: 0:2:2d:90:75:89
		Source MAC: 0:6:25:78:c4:7d
		Type: IP

	IP Header
		IP PDU Len: 1492
		Header Len (bytes): 20
		TTL: 43
		Protocol: TCP
		Checksum: Correct (0xa585)
		Sender IP: 195.10.46.40
		Dest IP: 192.168.1.102


Packet number: 145  Packet Len: 62

	Ethernet Header
		Dest MAC: 0:6:25:78:c4:7d
		Source MAC: 0:2:2d:90:75:89
		Type: IP

	IP Header
		IP PDU Len: 48
		Header Len (bytes): 28
		TTL: 128
		Protocol: TCP
		Checksum: Correct (0x0161)
		Sender IP: 192.168.1.102
		Dest IP: 195.10.46.40


Packet number: 146  Packet Len: 131

	Ethernet Header
		Dest MAC: 0:6:25:78:c4:7d
		Source MAC: 0:2:2d:90:75:89
		Type: IP

	IP Header
		IP PDU Len: 117
		Header Len (bytes): 20
		TTL: 128
		Protocol: TCP
		Checksum: Correct (0xd4c9)
		Sender IP: 192.168.1.102
		Dest IP: 66.212.229.183


Packet number: 147  Packet Len: 68

	Ethernet Header
		Dest MAC: 0:2:2d:90:75:89
		Source MAC: 0:6:25:78:c4:7d
		Type: IP

	IP Header
		IP PDU Len: 48
		Header Len (bytes): 28
		TTL: 44
		Protocol: TCP
		Checksum: Correct (0xf29e)
		Sender IP: 66.212.229.183
		Dest IP: 192.168.1.102


Packet number: 148  Packet Len: 147

	Ethernet Header
		Dest MAC: 0:6:25:78:c4:7d
		Source MAC: 0:2:2d:90:75:89
		Type: IP

	IP Header
		IP PDU Len: 133
		Header Len (bytes): 20
		TTL: 128
		Protocol: TCP
		Checksum: Correct (0xd4b8)
		Sender IP: 192.168.1.102
		Dest IP: 66.212.229.183


Packet number: 149  Packet Len: 68

	Ethernet Header
		Dest MAC: 0:2:2d:90:75:89
		Source MAC: 0:6:25:78:c4:7d
		Type: IP

	IP Header
		IP PDU Len: 48
		Header Len (bytes): 28
		TTL: 44
		Protocol: TCP
		Checksum: Correct (0xf29d)
		Sender IP: 66.212.229.183
		Dest IP: 192.168.1.102


Packet number: 150  Packet Len: 1506

	Ethernet Header
		Dest MAC: 0:2:2d:90:75:89
		Source MAC: 0:6:25:78:c4:7d
		Type: IP

	IP Header
		IP PDU Len: 1492
		Header Len (bytes): 20
		TTL: 44
		Protocol: TCP
		Checksum: Correct (0x3801)
		Sender IP: 66.212.229.183
		Dest IP: 192.168.1.102


Packet number: 151  Packet Len: 1514

	Ethernet Header
		Dest MAC: 0:2:2d:90:75:89
		Source MAC: 0:6:25:78:c4:7d
		Type: IP

	IP Header
		IP PDU Len: 1500
		Header Len (bytes): 28
		TTL: 44
		Protocol: TCP
		Checksum: Correct (0xecef)
		Sender IP: 66.212.229.183
		Dest IP: 192.168.1.102


Packet number: 152  Packet Len: 54

	Ethernet Header
		Dest MAC: 0:6:25:78:c4:7d
		Source MAC: 0:2:2d:90:75:89
		Type: IP

	IP Header
		IP PDU Len: 40
		Header Len (bytes): 20
		TTL: 128
		Protocol: TCP
		Checksum: Correct (0xd514)
		Sender IP: 192.168.1.102
		Dest IP: 66.212.229.183


Packet number: 153  Packet Len: 696

	Ethernet Header
		Dest MAC: 0:2:2d:90:75:89
		Source MAC: 0:6:25:78:c4:7d
		Type: IP

	IP Header
		IP PDU Len: 682
		Header Len (bytes): 28
		TTL: 44
		Protocol: TCP
		Checksum: Correct (0xf020)
		Sender IP: 66.212.229.183
		Dest IP: 192.168.1.102


Packet number: 154  Packet Len: 54

	Ethernet Header
		Dest MAC: 0:6:25:78:c4:7d
		Source MAC: 0:2:2d:90:75:89
		Type: IP

	IP Header
		IP PDU Len: 40
		Header Len (bytes): 20
		TTL: 128
		Protocol: TCP
		Checksum: Correct (0xd513)
		Sender IP: 192.168.1.102
		Dest IP: 66.212.229.183


Packet number: 155  Packet Len: 304

	Ethernet Header
		Dest MAC: 0:2:2d:90:75:89
		Source MAC: 0:6:25:78:c4:7d
		Type: IP

	IP Header
		IP PDU Len: 290
		Header Len (bytes): 28
		TTL: 44
		Protocol: TCP
		Checksum: Correct (0xf1a7)
		Sender IP: 66.212.229.183
		Dest IP: 192.168.1.102


Packet number: 156  Packet Len: 131

	Ethernet Header
		Dest MAC: 0:6:25:78:c4:7d
		Source MAC: 0:2:2d:90:75:89
		Type: IP

	IP Header
		IP PDU Len: 117
		Header Len (bytes): 20
		TTL: 128
		Protocol: TCP
		Checksum: Correct (0xd4c5)
		Sender IP: 192.168.1.102
		Dest IP: 66.212.229.183


Packet number: 157  Packet Len: 68

	Ethernet Header
		Dest MAC: 0:2:2d:90:75:89
		Source MAC: 0:6:25:78:c4:7d
		Type: IP

	IP Header
		IP PDU Len: 48
		Header Len (bytes): 28
		TTL: 44
		Protocol: TCP
		Checksum: Correct (0xf298)
		Sender IP: 66.212.229.183
		Dest IP: 192.168.1.102


Packet number: 158  Packet Len: 208

	Ethernet Header
		Dest MAC: 0:6:25:78:c4:7d
		Source MAC: 0:2:2d:90:75:89
		Type: IP

	IP Header
		IP PDU Len: 194
		Header Len (bytes): 20
		TTL: 128
		Protocol: TCP
		Checksum: Correct (0xd477)
		Sender IP: 192.168.1.102
		Dest IP: 66.212.229.183


Packet number: 159  Packet Len: 272

	Ethernet Header
		Dest MAC: 0:2:2d:90:75:89
		Source MAC: 0:6:25:78:c4:7d
		Type: IP

	IP Header
		IP PDU Len: 258
		Header Len (bytes): 28
		TTL: 44
		Protocol: TCP
		Checksum: Correct (0xf1c5)
		Sender IP: 66.212.229.183
		Dest IP: 192.168.1.102


Packet number: 160  Packet Len: 60

	Ethernet Header
		Dest MAC: 0:2:2d:90:75:89
		Source MAC: 0:6:25:78:c4:7d
		Type: IP

	IP Header
		IP PDU Len: 40
		Header Len (bytes): 20
		TTL: 44
		Protocol: TCP
		Checksum: Correct (0x3da7)
		Sender IP: 66.212.229.183
		Dest IP: 192.168.1.102


Packet number: 161  Packet Len: 248

	Ethernet Header
		Dest MAC: 0:6:25:78:c4:7d
		Source MAC: 0:2:2d:90:75:89
		Type: IP

	IP Header
		IP PDU Len: 234
		Header Len (bytes): 28
		TTL: 128
		Protocol: TCP
		Checksum: Correct (0x8946)
		Sender IP: 192.168.1.102
		Dest IP: 66.212.229.183


Packet number: 162  Packet Len: 1200

	Ethernet Header
		Dest MAC: 0:2:2d:90:75:89
		Source MAC: 0:6:25:78:c4:7d
		Type: IP

	IP Header
		IP PDU Len: 1186
		Header Len (bytes): 20
		TTL: 44
		Protocol: TCP
		Checksum: Correct (0x392c)
		Sender IP: 66.212.229.183
		Dest IP: 192.168.1.102


Packet number: 163  Packet Len: 62

	Ethernet Header
		Dest MAC: 0:6:25:78:c4:7d
		Source MAC: 0:2:2d:90:75:89
		Type: IP

	IP Header
		IP PDU Len: 48
		Header Len (bytes): 28
		TTL: 128
		Protocol: TCP
		Checksum: Correct (0x89ff)
		Sender IP: 192.168.1.102
		Dest IP: 66.212.229.183


Packet number: 164  Packet Len: 147

	Ethernet Header
		Dest MAC: 0:6:25:78:c4:7d
		Source MAC: 0:2:2d:90:75:89
		Type: IP

	IP Header
		IP PDU Len: 133
		Header Len (bytes): 20
		TTL: 128
		Protocol: TCP
		Checksum: Correct (0xd4b1)
		Sender IP: 192.168.1.102
		Dest IP: 66.212.229.183


Packet number: 165  Packet Len: 131

	Ethernet Header
		Dest MAC: 0:6:25:78:c4:7d
		Source MAC: 0:2:2d:90:75:89
		Type: IP

	IP Header
		IP PDU Len: 117
		Header Len (bytes): 28
		TTL: 128
		Protocol: TCP
		Checksum: Correct (0x89b8)
		Sender IP: 192.168.1.102
		Dest IP: 66.212.229.183


Packet number: 166  Packet Len: 60

	Ethernet Header
		Dest MAC: 0:2:2d:90:75:89
		Source MAC: 0:6:25:78:c4:7d
		Type: IP

	IP Header
		IP PDU Len: 40
		Header Len (bytes): 20
		TTL: 44
		Protocol: TCP
		Checksum: Correct (0x3da5)
		Sender IP: 66.212.229.183
		Dest IP: 192.168.1.102


Packet number: 167  Packet Len: 62

	Ethernet Header
		Dest MAC: 0:6:25:78:c4:7d
		Source MAC: 0:2:2d:90:75:89
		Type: IP

	IP Header
		IP PDU Len: 48
		Header Len (bytes): 28
		TTL: 128
		Protocol: TCP
		Checksum: Correct (0x89fc)
		Sender IP: 192.168.1.102
		Dest IP: 66.212.229.183

